L 12/14/2015 - 16:39:54: SourceMod error session started
L 12/14/2015 - 16:39:54: Info (map "ctf_2fort") (file "errors_20151214.log")
L 12/14/2015 - 16:39:54: Error log file session closed.
L 12/14/2015 - 16:39:58: SourceMod error session started
L 12/14/2015 - 16:39:58: Info (map "ctf_2fort") (file "errors_20151214.log")
L 12/14/2015 - 16:39:58: [nextmap.smx] FATAL: Cannot load map cycle. Nextmap not loaded.
L 12/14/2015 - 16:39:58: [SM] Plugin encountered error 25: Call was aborted
L 12/14/2015 - 16:39:58: [SM] Native "SetFailState" reported: Mapcycle Not Found
L 12/14/2015 - 16:39:58: [SM] Displaying call stack trace for plugin "nextmap.smx":
L 12/14/2015 - 16:39:58: [SM]   [0]  Line 139, /home/builds/sourcemod/linux-1.7/build/plugins/nextmap.sp::FindAndSetNextMap()
L 12/14/2015 - 16:39:58: [SM]   [1]  Line 109, /home/builds/sourcemod/linux-1.7/build/plugins/nextmap.sp::OnConfigsExecuted()
L 12/14/2015 - 17:11:08: Error log file session closed.
L 12/14/2015 - 17:11:12: SourceMod error session started
L 12/14/2015 - 17:11:12: Info (map "ctf_2fort") (file "errors_20151214.log")
L 12/14/2015 - 17:11:12: [nextmap.smx] FATAL: Cannot load map cycle. Nextmap not loaded.
L 12/14/2015 - 17:11:12: [SM] Plugin encountered error 25: Call was aborted
L 12/14/2015 - 17:11:12: [SM] Native "SetFailState" reported: Mapcycle Not Found
L 12/14/2015 - 17:11:12: [SM] Displaying call stack trace for plugin "nextmap.smx":
L 12/14/2015 - 17:11:12: [SM]   [0]  Line 139, /home/builds/sourcemod/linux-1.7/build/plugins/nextmap.sp::FindAndSetNextMap()
L 12/14/2015 - 17:11:12: [SM]   [1]  Line 109, /home/builds/sourcemod/linux-1.7/build/plugins/nextmap.sp::OnConfigsExecuted()
L 12/14/2015 - 18:39:31: Error log file session closed.
L 12/14/2015 - 18:39:35: SourceMod error session started
L 12/14/2015 - 18:39:35: Info (map "ctf_2fort") (file "errors_20151214.log")
L 12/14/2015 - 18:39:35: [nextmap.smx] FATAL: Cannot load map cycle. Nextmap not loaded.
L 12/14/2015 - 18:39:35: [SM] Plugin encountered error 25: Call was aborted
L 12/14/2015 - 18:39:35: [SM] Native "SetFailState" reported: Mapcycle Not Found
L 12/14/2015 - 18:39:35: [SM] Displaying call stack trace for plugin "nextmap.smx":
L 12/14/2015 - 18:39:35: [SM]   [0]  Line 139, /home/builds/sourcemod/linux-1.7/build/plugins/nextmap.sp::FindAndSetNextMap()
L 12/14/2015 - 18:39:35: [SM]   [1]  Line 109, /home/builds/sourcemod/linux-1.7/build/plugins/nextmap.sp::OnConfigsExecuted()
L 12/14/2015 - 21:26:04: Error log file session closed.
L 12/14/2015 - 21:26:09: SourceMod error session started
L 12/14/2015 - 21:26:09: Info (map "ctf_2fort") (file "errors_20151214.log")
L 12/14/2015 - 21:26:09: [nextmap.smx] FATAL: Cannot load map cycle. Nextmap not loaded.
L 12/14/2015 - 21:26:09: [SM] Plugin encountered error 25: Call was aborted
L 12/14/2015 - 21:26:09: [SM] Native "SetFailState" reported: Mapcycle Not Found
L 12/14/2015 - 21:26:09: [SM] Displaying call stack trace for plugin "nextmap.smx":
L 12/14/2015 - 21:26:09: [SM]   [0]  Line 139, /home/builds/sourcemod/linux-1.7/build/plugins/nextmap.sp::FindAndSetNextMap()
L 12/14/2015 - 21:26:09: [SM]   [1]  Line 109, /home/builds/sourcemod/linux-1.7/build/plugins/nextmap.sp::OnConfigsExecuted()
L 12/14/2015 - 23:06:54: Error log file session closed.
L 12/14/2015 - 23:06:59: SourceMod error session started
L 12/14/2015 - 23:06:59: Info (map "ctf_2fort") (file "errors_20151214.log")
L 12/14/2015 - 23:06:59: [nextmap.smx] FATAL: Cannot load map cycle. Nextmap not loaded.
L 12/14/2015 - 23:06:59: [SM] Plugin encountered error 25: Call was aborted
L 12/14/2015 - 23:06:59: [SM] Native "SetFailState" reported: Mapcycle Not Found
L 12/14/2015 - 23:06:59: [SM] Displaying call stack trace for plugin "nextmap.smx":
L 12/14/2015 - 23:06:59: [SM]   [0]  Line 139, /home/builds/sourcemod/linux-1.7/build/plugins/nextmap.sp::FindAndSetNextMap()
L 12/14/2015 - 23:06:59: [SM]   [1]  Line 109, /home/builds/sourcemod/linux-1.7/build/plugins/nextmap.sp::OnConfigsExecuted()
