L 12/17/2015 - 15:18:15: SourceMod error session started
L 12/17/2015 - 15:18:15: Info (map "ctf_2fort") (file "errors_20151217.log")
L 12/17/2015 - 15:18:15: Error log file session closed.
L 12/17/2015 - 15:18:20: SourceMod error session started
L 12/17/2015 - 15:18:20: Info (map "ctf_2fort") (file "errors_20151217.log")
L 12/17/2015 - 15:18:20: [nextmap.smx] FATAL: Cannot load map cycle. Nextmap not loaded.
L 12/17/2015 - 15:18:20: [SM] Plugin encountered error 25: Call was aborted
L 12/17/2015 - 15:18:20: [SM] Native "SetFailState" reported: Mapcycle Not Found
L 12/17/2015 - 15:18:20: [SM] Displaying call stack trace for plugin "nextmap.smx":
L 12/17/2015 - 15:18:20: [SM]   [0]  Line 139, /home/builds/sourcemod/linux-1.7/build/plugins/nextmap.sp::FindAndSetNextMap()
L 12/17/2015 - 15:18:20: [SM]   [1]  Line 109, /home/builds/sourcemod/linux-1.7/build/plugins/nextmap.sp::OnConfigsExecuted()
L 12/17/2015 - 20:52:48: Error log file session closed.
L 12/17/2015 - 20:52:52: SourceMod error session started
L 12/17/2015 - 20:52:52: Info (map "ctf_2fort") (file "errors_20151217.log")
L 12/17/2015 - 20:52:52: [nextmap.smx] FATAL: Cannot load map cycle. Nextmap not loaded.
L 12/17/2015 - 20:52:52: [SM] Plugin encountered error 25: Call was aborted
L 12/17/2015 - 20:52:52: [SM] Native "SetFailState" reported: Mapcycle Not Found
L 12/17/2015 - 20:52:52: [SM] Displaying call stack trace for plugin "nextmap.smx":
L 12/17/2015 - 20:52:52: [SM]   [0]  Line 139, /home/builds/sourcemod/linux-1.7/build/plugins/nextmap.sp::FindAndSetNextMap()
L 12/17/2015 - 20:52:52: [SM]   [1]  Line 109, /home/builds/sourcemod/linux-1.7/build/plugins/nextmap.sp::OnConfigsExecuted()
