L 01/11/2016 - 14:58:44: SourceMod error session started
L 01/11/2016 - 14:58:44: Info (map "ctf_2fort") (file "errors_20160111.log")
L 01/11/2016 - 14:58:44: Error log file session closed.
L 01/11/2016 - 14:58:48: SourceMod error session started
L 01/11/2016 - 14:58:48: Info (map "ctf_2fort") (file "errors_20160111.log")
L 01/11/2016 - 14:58:48: [nextmap.smx] FATAL: Cannot load map cycle. Nextmap not loaded.
L 01/11/2016 - 14:58:48: [SM] Plugin encountered error 25: Call was aborted
L 01/11/2016 - 14:58:48: [SM] Native "SetFailState" reported: Mapcycle Not Found
L 01/11/2016 - 14:58:48: [SM] Displaying call stack trace for plugin "nextmap.smx":
L 01/11/2016 - 14:58:48: [SM]   [0]  Line 139, /home/builds/sourcemod/linux-1.7/build/plugins/nextmap.sp::FindAndSetNextMap()
L 01/11/2016 - 14:58:48: [SM]   [1]  Line 109, /home/builds/sourcemod/linux-1.7/build/plugins/nextmap.sp::OnConfigsExecuted()
L 01/11/2016 - 18:24:05: Error log file session closed.
L 01/11/2016 - 18:24:09: SourceMod error session started
L 01/11/2016 - 18:24:09: Info (map "ctf_2fort") (file "errors_20160111.log")
L 01/11/2016 - 18:24:09: [nextmap.smx] FATAL: Cannot load map cycle. Nextmap not loaded.
L 01/11/2016 - 18:24:09: [SM] Plugin encountered error 25: Call was aborted
L 01/11/2016 - 18:24:09: [SM] Native "SetFailState" reported: Mapcycle Not Found
L 01/11/2016 - 18:24:09: [SM] Displaying call stack trace for plugin "nextmap.smx":
L 01/11/2016 - 18:24:09: [SM]   [0]  Line 139, /home/builds/sourcemod/linux-1.7/build/plugins/nextmap.sp::FindAndSetNextMap()
L 01/11/2016 - 18:24:09: [SM]   [1]  Line 109, /home/builds/sourcemod/linux-1.7/build/plugins/nextmap.sp::OnConfigsExecuted()
L 01/11/2016 - 19:24:40: Error log file session closed.
L 01/11/2016 - 19:24:45: SourceMod error session started
L 01/11/2016 - 19:24:45: Info (map "ctf_2fort") (file "errors_20160111.log")
L 01/11/2016 - 19:24:45: [nextmap.smx] FATAL: Cannot load map cycle. Nextmap not loaded.
L 01/11/2016 - 19:24:45: [SM] Plugin encountered error 25: Call was aborted
L 01/11/2016 - 19:24:45: [SM] Native "SetFailState" reported: Mapcycle Not Found
L 01/11/2016 - 19:24:45: [SM] Displaying call stack trace for plugin "nextmap.smx":
L 01/11/2016 - 19:24:45: [SM]   [0]  Line 139, /home/builds/sourcemod/linux-1.7/build/plugins/nextmap.sp::FindAndSetNextMap()
L 01/11/2016 - 19:24:45: [SM]   [1]  Line 109, /home/builds/sourcemod/linux-1.7/build/plugins/nextmap.sp::OnConfigsExecuted()
