L 12/19/2015 - 03:03:30: SourceMod error session started
L 12/19/2015 - 03:03:30: Info (map "ctf_2fort") (file "errors_20151219.log")
L 12/19/2015 - 03:03:30: Error log file session closed.
L 12/19/2015 - 03:03:35: SourceMod error session started
L 12/19/2015 - 03:03:35: Info (map "ctf_2fort") (file "errors_20151219.log")
L 12/19/2015 - 03:03:35: [nextmap.smx] FATAL: Cannot load map cycle. Nextmap not loaded.
L 12/19/2015 - 03:03:35: [SM] Plugin encountered error 25: Call was aborted
L 12/19/2015 - 03:03:35: [SM] Native "SetFailState" reported: Mapcycle Not Found
L 12/19/2015 - 03:03:35: [SM] Displaying call stack trace for plugin "nextmap.smx":
L 12/19/2015 - 03:03:35: [SM]   [0]  Line 139, /home/builds/sourcemod/linux-1.7/build/plugins/nextmap.sp::FindAndSetNextMap()
L 12/19/2015 - 03:03:35: [SM]   [1]  Line 109, /home/builds/sourcemod/linux-1.7/build/plugins/nextmap.sp::OnConfigsExecuted()
L 12/19/2015 - 03:36:58: Error log file session closed.
L 12/19/2015 - 03:37:03: SourceMod error session started
L 12/19/2015 - 03:37:03: Info (map "ctf_2fort") (file "errors_20151219.log")
L 12/19/2015 - 03:37:03: [nextmap.smx] FATAL: Cannot load map cycle. Nextmap not loaded.
L 12/19/2015 - 03:37:03: [SM] Plugin encountered error 25: Call was aborted
L 12/19/2015 - 03:37:03: [SM] Native "SetFailState" reported: Mapcycle Not Found
L 12/19/2015 - 03:37:03: [SM] Displaying call stack trace for plugin "nextmap.smx":
L 12/19/2015 - 03:37:03: [SM]   [0]  Line 139, /home/builds/sourcemod/linux-1.7/build/plugins/nextmap.sp::FindAndSetNextMap()
L 12/19/2015 - 03:37:03: [SM]   [1]  Line 109, /home/builds/sourcemod/linux-1.7/build/plugins/nextmap.sp::OnConfigsExecuted()
L 12/19/2015 - 04:08:27: Error log file session closed.
L 12/19/2015 - 04:08:31: SourceMod error session started
L 12/19/2015 - 04:08:31: Info (map "ctf_2fort") (file "errors_20151219.log")
L 12/19/2015 - 04:08:31: [nextmap.smx] FATAL: Cannot load map cycle. Nextmap not loaded.
L 12/19/2015 - 04:08:31: [SM] Plugin encountered error 25: Call was aborted
L 12/19/2015 - 04:08:31: [SM] Native "SetFailState" reported: Mapcycle Not Found
L 12/19/2015 - 04:08:31: [SM] Displaying call stack trace for plugin "nextmap.smx":
L 12/19/2015 - 04:08:31: [SM]   [0]  Line 139, /home/builds/sourcemod/linux-1.7/build/plugins/nextmap.sp::FindAndSetNextMap()
L 12/19/2015 - 04:08:31: [SM]   [1]  Line 109, /home/builds/sourcemod/linux-1.7/build/plugins/nextmap.sp::OnConfigsExecuted()
