L 01/07/2016 - 18:24:39: SourceMod error session started
L 01/07/2016 - 18:24:39: Info (map "ctf_2fort") (file "errors_20160107.log")
L 01/07/2016 - 18:24:39: Error log file session closed.
L 01/07/2016 - 18:24:44: SourceMod error session started
L 01/07/2016 - 18:24:44: Info (map "ctf_2fort") (file "errors_20160107.log")
L 01/07/2016 - 18:24:44: [nextmap.smx] FATAL: Cannot load map cycle. Nextmap not loaded.
L 01/07/2016 - 18:24:44: [SM] Plugin encountered error 25: Call was aborted
L 01/07/2016 - 18:24:44: [SM] Native "SetFailState" reported: Mapcycle Not Found
L 01/07/2016 - 18:24:44: [SM] Displaying call stack trace for plugin "nextmap.smx":
L 01/07/2016 - 18:24:44: [SM]   [0]  Line 139, /home/builds/sourcemod/linux-1.7/build/plugins/nextmap.sp::FindAndSetNextMap()
L 01/07/2016 - 18:24:44: [SM]   [1]  Line 109, /home/builds/sourcemod/linux-1.7/build/plugins/nextmap.sp::OnConfigsExecuted()
L 01/07/2016 - 19:34:25: Error log file session closed.
L 01/07/2016 - 19:34:29: SourceMod error session started
L 01/07/2016 - 19:34:29: Info (map "ctf_2fort") (file "errors_20160107.log")
L 01/07/2016 - 19:34:29: [nextmap.smx] FATAL: Cannot load map cycle. Nextmap not loaded.
L 01/07/2016 - 19:34:29: [SM] Plugin encountered error 25: Call was aborted
L 01/07/2016 - 19:34:29: [SM] Native "SetFailState" reported: Mapcycle Not Found
L 01/07/2016 - 19:34:29: [SM] Displaying call stack trace for plugin "nextmap.smx":
L 01/07/2016 - 19:34:29: [SM]   [0]  Line 139, /home/builds/sourcemod/linux-1.7/build/plugins/nextmap.sp::FindAndSetNextMap()
L 01/07/2016 - 19:34:29: [SM]   [1]  Line 109, /home/builds/sourcemod/linux-1.7/build/plugins/nextmap.sp::OnConfigsExecuted()
