L 12/10/2015 - 10:44:48: SourceMod error session started
L 12/10/2015 - 10:44:48: Info (map "ctf_2fort") (file "errors_20151210.log")
L 12/10/2015 - 10:44:48: Error log file session closed.
L 12/10/2015 - 10:44:53: SourceMod error session started
L 12/10/2015 - 10:44:53: Info (map "ctf_2fort") (file "errors_20151210.log")
L 12/10/2015 - 10:44:53: [nextmap.smx] FATAL: Cannot load map cycle. Nextmap not loaded.
L 12/10/2015 - 10:44:53: [SM] Plugin encountered error 25: Call was aborted
L 12/10/2015 - 10:44:53: [SM] Native "SetFailState" reported: Mapcycle Not Found
L 12/10/2015 - 10:44:53: [SM] Displaying call stack trace for plugin "nextmap.smx":
L 12/10/2015 - 10:44:53: [SM]   [0]  Line 139, /home/builds/sourcemod/linux-1.7/build/plugins/nextmap.sp::FindAndSetNextMap()
L 12/10/2015 - 10:44:53: [SM]   [1]  Line 109, /home/builds/sourcemod/linux-1.7/build/plugins/nextmap.sp::OnConfigsExecuted()
L 12/10/2015 - 19:36:44: Error log file session closed.
L 12/10/2015 - 19:36:48: SourceMod error session started
L 12/10/2015 - 19:36:48: Info (map "ctf_2fort") (file "errors_20151210.log")
L 12/10/2015 - 19:36:48: [nextmap.smx] FATAL: Cannot load map cycle. Nextmap not loaded.
L 12/10/2015 - 19:36:48: [SM] Plugin encountered error 25: Call was aborted
L 12/10/2015 - 19:36:48: [SM] Native "SetFailState" reported: Mapcycle Not Found
L 12/10/2015 - 19:36:48: [SM] Displaying call stack trace for plugin "nextmap.smx":
L 12/10/2015 - 19:36:48: [SM]   [0]  Line 139, /home/builds/sourcemod/linux-1.7/build/plugins/nextmap.sp::FindAndSetNextMap()
L 12/10/2015 - 19:36:48: [SM]   [1]  Line 109, /home/builds/sourcemod/linux-1.7/build/plugins/nextmap.sp::OnConfigsExecuted()
L 12/10/2015 - 20:08:10: Error log file session closed.
L 12/10/2015 - 20:08:14: SourceMod error session started
L 12/10/2015 - 20:08:14: Info (map "ctf_2fort") (file "errors_20151210.log")
L 12/10/2015 - 20:08:14: [nextmap.smx] FATAL: Cannot load map cycle. Nextmap not loaded.
L 12/10/2015 - 20:08:14: [SM] Plugin encountered error 25: Call was aborted
L 12/10/2015 - 20:08:14: [SM] Native "SetFailState" reported: Mapcycle Not Found
L 12/10/2015 - 20:08:14: [SM] Displaying call stack trace for plugin "nextmap.smx":
L 12/10/2015 - 20:08:14: [SM]   [0]  Line 139, /home/builds/sourcemod/linux-1.7/build/plugins/nextmap.sp::FindAndSetNextMap()
L 12/10/2015 - 20:08:14: [SM]   [1]  Line 109, /home/builds/sourcemod/linux-1.7/build/plugins/nextmap.sp::OnConfigsExecuted()
L 12/10/2015 - 23:48:52: Error log file session closed.
L 12/10/2015 - 23:49:07: SourceMod error session started
L 12/10/2015 - 23:49:07: Info (map "ctf_2fort") (file "errors_20151210.log")
L 12/10/2015 - 23:49:07: [nextmap.smx] FATAL: Cannot load map cycle. Nextmap not loaded.
L 12/10/2015 - 23:49:07: [SM] Plugin encountered error 25: Call was aborted
L 12/10/2015 - 23:49:07: [SM] Native "SetFailState" reported: Mapcycle Not Found
L 12/10/2015 - 23:49:07: [SM] Displaying call stack trace for plugin "nextmap.smx":
L 12/10/2015 - 23:49:07: [SM]   [0]  Line 139, /home/builds/sourcemod/linux-1.7/build/plugins/nextmap.sp::FindAndSetNextMap()
L 12/10/2015 - 23:49:07: [SM]   [1]  Line 109, /home/builds/sourcemod/linux-1.7/build/plugins/nextmap.sp::OnConfigsExecuted()
