L 12/30/2015 - 13:51:13: SourceMod error session started
L 12/30/2015 - 13:51:13: Info (map "ctf_2fort") (file "errors_20151230.log")
L 12/30/2015 - 13:51:13: Error log file session closed.
L 12/30/2015 - 13:51:17: SourceMod error session started
L 12/30/2015 - 13:51:17: Info (map "ctf_2fort") (file "errors_20151230.log")
L 12/30/2015 - 13:51:17: [nextmap.smx] FATAL: Cannot load map cycle. Nextmap not loaded.
L 12/30/2015 - 13:51:17: [SM] Plugin encountered error 25: Call was aborted
L 12/30/2015 - 13:51:17: [SM] Native "SetFailState" reported: Mapcycle Not Found
L 12/30/2015 - 13:51:17: [SM] Displaying call stack trace for plugin "nextmap.smx":
L 12/30/2015 - 13:51:17: [SM]   [0]  Line 139, /home/builds/sourcemod/linux-1.7/build/plugins/nextmap.sp::FindAndSetNextMap()
L 12/30/2015 - 13:51:17: [SM]   [1]  Line 109, /home/builds/sourcemod/linux-1.7/build/plugins/nextmap.sp::OnConfigsExecuted()
L 12/30/2015 - 14:22:26: Error log file session closed.
L 12/30/2015 - 14:22:30: SourceMod error session started
L 12/30/2015 - 14:22:30: Info (map "ctf_2fort") (file "errors_20151230.log")
L 12/30/2015 - 14:22:30: [nextmap.smx] FATAL: Cannot load map cycle. Nextmap not loaded.
L 12/30/2015 - 14:22:30: [SM] Plugin encountered error 25: Call was aborted
L 12/30/2015 - 14:22:30: [SM] Native "SetFailState" reported: Mapcycle Not Found
L 12/30/2015 - 14:22:30: [SM] Displaying call stack trace for plugin "nextmap.smx":
L 12/30/2015 - 14:22:30: [SM]   [0]  Line 139, /home/builds/sourcemod/linux-1.7/build/plugins/nextmap.sp::FindAndSetNextMap()
L 12/30/2015 - 14:22:30: [SM]   [1]  Line 109, /home/builds/sourcemod/linux-1.7/build/plugins/nextmap.sp::OnConfigsExecuted()
L 12/30/2015 - 14:53:41: Error log file session closed.
L 12/30/2015 - 14:53:46: SourceMod error session started
L 12/30/2015 - 14:53:46: Info (map "ctf_2fort") (file "errors_20151230.log")
L 12/30/2015 - 14:53:46: [nextmap.smx] FATAL: Cannot load map cycle. Nextmap not loaded.
L 12/30/2015 - 14:53:46: [SM] Plugin encountered error 25: Call was aborted
L 12/30/2015 - 14:53:46: [SM] Native "SetFailState" reported: Mapcycle Not Found
L 12/30/2015 - 14:53:46: [SM] Displaying call stack trace for plugin "nextmap.smx":
L 12/30/2015 - 14:53:46: [SM]   [0]  Line 139, /home/builds/sourcemod/linux-1.7/build/plugins/nextmap.sp::FindAndSetNextMap()
L 12/30/2015 - 14:53:46: [SM]   [1]  Line 109, /home/builds/sourcemod/linux-1.7/build/plugins/nextmap.sp::OnConfigsExecuted()
L 12/30/2015 - 17:04:58: Error log file session closed.
L 12/30/2015 - 17:05:02: SourceMod error session started
L 12/30/2015 - 17:05:02: Info (map "ctf_2fort") (file "errors_20151230.log")
L 12/30/2015 - 17:05:02: [nextmap.smx] FATAL: Cannot load map cycle. Nextmap not loaded.
L 12/30/2015 - 17:05:02: [SM] Plugin encountered error 25: Call was aborted
L 12/30/2015 - 17:05:02: [SM] Native "SetFailState" reported: Mapcycle Not Found
L 12/30/2015 - 17:05:02: [SM] Displaying call stack trace for plugin "nextmap.smx":
L 12/30/2015 - 17:05:02: [SM]   [0]  Line 139, /home/builds/sourcemod/linux-1.7/build/plugins/nextmap.sp::FindAndSetNextMap()
L 12/30/2015 - 17:05:02: [SM]   [1]  Line 109, /home/builds/sourcemod/linux-1.7/build/plugins/nextmap.sp::OnConfigsExecuted()
L 12/30/2015 - 17:36:15: Error log file session closed.
L 12/30/2015 - 17:36:19: SourceMod error session started
L 12/30/2015 - 17:36:19: Info (map "ctf_2fort") (file "errors_20151230.log")
L 12/30/2015 - 17:36:19: [nextmap.smx] FATAL: Cannot load map cycle. Nextmap not loaded.
L 12/30/2015 - 17:36:19: [SM] Plugin encountered error 25: Call was aborted
L 12/30/2015 - 17:36:19: [SM] Native "SetFailState" reported: Mapcycle Not Found
L 12/30/2015 - 17:36:19: [SM] Displaying call stack trace for plugin "nextmap.smx":
L 12/30/2015 - 17:36:19: [SM]   [0]  Line 139, /home/builds/sourcemod/linux-1.7/build/plugins/nextmap.sp::FindAndSetNextMap()
L 12/30/2015 - 17:36:19: [SM]   [1]  Line 109, /home/builds/sourcemod/linux-1.7/build/plugins/nextmap.sp::OnConfigsExecuted()
L 12/30/2015 - 19:54:25: Error log file session closed.
L 12/30/2015 - 19:54:29: SourceMod error session started
L 12/30/2015 - 19:54:29: Info (map "ctf_2fort") (file "errors_20151230.log")
L 12/30/2015 - 19:54:29: [nextmap.smx] FATAL: Cannot load map cycle. Nextmap not loaded.
L 12/30/2015 - 19:54:29: [SM] Plugin encountered error 25: Call was aborted
L 12/30/2015 - 19:54:29: [SM] Native "SetFailState" reported: Mapcycle Not Found
L 12/30/2015 - 19:54:29: [SM] Displaying call stack trace for plugin "nextmap.smx":
L 12/30/2015 - 19:54:29: [SM]   [0]  Line 139, /home/builds/sourcemod/linux-1.7/build/plugins/nextmap.sp::FindAndSetNextMap()
L 12/30/2015 - 19:54:29: [SM]   [1]  Line 109, /home/builds/sourcemod/linux-1.7/build/plugins/nextmap.sp::OnConfigsExecuted()
L 12/30/2015 - 20:25:36: Error log file session closed.
L 12/30/2015 - 20:25:41: SourceMod error session started
L 12/30/2015 - 20:25:41: Info (map "ctf_2fort") (file "errors_20151230.log")
L 12/30/2015 - 20:25:41: [nextmap.smx] FATAL: Cannot load map cycle. Nextmap not loaded.
L 12/30/2015 - 20:25:41: [SM] Plugin encountered error 25: Call was aborted
L 12/30/2015 - 20:25:41: [SM] Native "SetFailState" reported: Mapcycle Not Found
L 12/30/2015 - 20:25:41: [SM] Displaying call stack trace for plugin "nextmap.smx":
L 12/30/2015 - 20:25:41: [SM]   [0]  Line 139, /home/builds/sourcemod/linux-1.7/build/plugins/nextmap.sp::FindAndSetNextMap()
L 12/30/2015 - 20:25:41: [SM]   [1]  Line 109, /home/builds/sourcemod/linux-1.7/build/plugins/nextmap.sp::OnConfigsExecuted()
L 12/30/2015 - 20:56:50: Error log file session closed.
L 12/30/2015 - 20:56:54: SourceMod error session started
L 12/30/2015 - 20:56:54: Info (map "ctf_2fort") (file "errors_20151230.log")
L 12/30/2015 - 20:56:54: [nextmap.smx] FATAL: Cannot load map cycle. Nextmap not loaded.
L 12/30/2015 - 20:56:54: [SM] Plugin encountered error 25: Call was aborted
L 12/30/2015 - 20:56:54: [SM] Native "SetFailState" reported: Mapcycle Not Found
L 12/30/2015 - 20:56:54: [SM] Displaying call stack trace for plugin "nextmap.smx":
L 12/30/2015 - 20:56:54: [SM]   [0]  Line 139, /home/builds/sourcemod/linux-1.7/build/plugins/nextmap.sp::FindAndSetNextMap()
L 12/30/2015 - 20:56:54: [SM]   [1]  Line 109, /home/builds/sourcemod/linux-1.7/build/plugins/nextmap.sp::OnConfigsExecuted()
L 12/30/2015 - 21:28:04: Error log file session closed.
L 12/30/2015 - 21:28:08: SourceMod error session started
L 12/30/2015 - 21:28:08: Info (map "ctf_2fort") (file "errors_20151230.log")
L 12/30/2015 - 21:28:08: [nextmap.smx] FATAL: Cannot load map cycle. Nextmap not loaded.
L 12/30/2015 - 21:28:08: [SM] Plugin encountered error 25: Call was aborted
L 12/30/2015 - 21:28:08: [SM] Native "SetFailState" reported: Mapcycle Not Found
L 12/30/2015 - 21:28:08: [SM] Displaying call stack trace for plugin "nextmap.smx":
L 12/30/2015 - 21:28:08: [SM]   [0]  Line 139, /home/builds/sourcemod/linux-1.7/build/plugins/nextmap.sp::FindAndSetNextMap()
L 12/30/2015 - 21:28:08: [SM]   [1]  Line 109, /home/builds/sourcemod/linux-1.7/build/plugins/nextmap.sp::OnConfigsExecuted()
L 12/30/2015 - 22:51:30: Error log file session closed.
L 12/30/2015 - 22:51:34: SourceMod error session started
L 12/30/2015 - 22:51:34: Info (map "ctf_2fort") (file "errors_20151230.log")
L 12/30/2015 - 22:51:34: [nextmap.smx] FATAL: Cannot load map cycle. Nextmap not loaded.
L 12/30/2015 - 22:51:34: [SM] Plugin encountered error 25: Call was aborted
L 12/30/2015 - 22:51:34: [SM] Native "SetFailState" reported: Mapcycle Not Found
L 12/30/2015 - 22:51:34: [SM] Displaying call stack trace for plugin "nextmap.smx":
L 12/30/2015 - 22:51:34: [SM]   [0]  Line 139, /home/builds/sourcemod/linux-1.7/build/plugins/nextmap.sp::FindAndSetNextMap()
L 12/30/2015 - 22:51:34: [SM]   [1]  Line 109, /home/builds/sourcemod/linux-1.7/build/plugins/nextmap.sp::OnConfigsExecuted()
L 12/30/2015 - 23:23:21: Error log file session closed.
L 12/30/2015 - 23:23:25: SourceMod error session started
L 12/30/2015 - 23:23:25: Info (map "ctf_2fort") (file "errors_20151230.log")
L 12/30/2015 - 23:23:25: [nextmap.smx] FATAL: Cannot load map cycle. Nextmap not loaded.
L 12/30/2015 - 23:23:25: [SM] Plugin encountered error 25: Call was aborted
L 12/30/2015 - 23:23:25: [SM] Native "SetFailState" reported: Mapcycle Not Found
L 12/30/2015 - 23:23:25: [SM] Displaying call stack trace for plugin "nextmap.smx":
L 12/30/2015 - 23:23:25: [SM]   [0]  Line 139, /home/builds/sourcemod/linux-1.7/build/plugins/nextmap.sp::FindAndSetNextMap()
L 12/30/2015 - 23:23:25: [SM]   [1]  Line 109, /home/builds/sourcemod/linux-1.7/build/plugins/nextmap.sp::OnConfigsExecuted()
L 12/30/2015 - 23:58:21: Error log file session closed.
L 12/30/2015 - 23:58:25: SourceMod error session started
L 12/30/2015 - 23:58:25: Info (map "ctf_2fort") (file "errors_20151230.log")
L 12/30/2015 - 23:58:25: [nextmap.smx] FATAL: Cannot load map cycle. Nextmap not loaded.
L 12/30/2015 - 23:58:25: [SM] Plugin encountered error 25: Call was aborted
L 12/30/2015 - 23:58:25: [SM] Native "SetFailState" reported: Mapcycle Not Found
L 12/30/2015 - 23:58:25: [SM] Displaying call stack trace for plugin "nextmap.smx":
L 12/30/2015 - 23:58:25: [SM]   [0]  Line 139, /home/builds/sourcemod/linux-1.7/build/plugins/nextmap.sp::FindAndSetNextMap()
L 12/30/2015 - 23:58:25: [SM]   [1]  Line 109, /home/builds/sourcemod/linux-1.7/build/plugins/nextmap.sp::OnConfigsExecuted()
