L 12/13/2015 - 01:05:28: SourceMod error session started
L 12/13/2015 - 01:05:28: Info (map "ctf_2fort") (file "errors_20151213.log")
L 12/13/2015 - 01:05:28: Error log file session closed.
L 12/13/2015 - 01:05:32: SourceMod error session started
L 12/13/2015 - 01:05:32: Info (map "ctf_2fort") (file "errors_20151213.log")
L 12/13/2015 - 01:05:32: [nextmap.smx] FATAL: Cannot load map cycle. Nextmap not loaded.
L 12/13/2015 - 01:05:32: [SM] Plugin encountered error 25: Call was aborted
L 12/13/2015 - 01:05:32: [SM] Native "SetFailState" reported: Mapcycle Not Found
L 12/13/2015 - 01:05:32: [SM] Displaying call stack trace for plugin "nextmap.smx":
L 12/13/2015 - 01:05:32: [SM]   [0]  Line 139, /home/builds/sourcemod/linux-1.7/build/plugins/nextmap.sp::FindAndSetNextMap()
L 12/13/2015 - 01:05:32: [SM]   [1]  Line 109, /home/builds/sourcemod/linux-1.7/build/plugins/nextmap.sp::OnConfigsExecuted()
L 12/13/2015 - 15:20:17: Error log file session closed.
L 12/13/2015 - 15:20:21: SourceMod error session started
L 12/13/2015 - 15:20:21: Info (map "ctf_2fort") (file "errors_20151213.log")
L 12/13/2015 - 15:20:21: [nextmap.smx] FATAL: Cannot load map cycle. Nextmap not loaded.
L 12/13/2015 - 15:20:21: [SM] Plugin encountered error 25: Call was aborted
L 12/13/2015 - 15:20:21: [SM] Native "SetFailState" reported: Mapcycle Not Found
L 12/13/2015 - 15:20:21: [SM] Displaying call stack trace for plugin "nextmap.smx":
L 12/13/2015 - 15:20:21: [SM]   [0]  Line 139, /home/builds/sourcemod/linux-1.7/build/plugins/nextmap.sp::FindAndSetNextMap()
L 12/13/2015 - 15:20:21: [SM]   [1]  Line 109, /home/builds/sourcemod/linux-1.7/build/plugins/nextmap.sp::OnConfigsExecuted()
L 12/13/2015 - 16:03:47: Error log file session closed.
L 12/13/2015 - 16:03:52: SourceMod error session started
L 12/13/2015 - 16:03:52: Info (map "ctf_2fort") (file "errors_20151213.log")
L 12/13/2015 - 16:03:52: [nextmap.smx] FATAL: Cannot load map cycle. Nextmap not loaded.
L 12/13/2015 - 16:03:52: [SM] Plugin encountered error 25: Call was aborted
L 12/13/2015 - 16:03:52: [SM] Native "SetFailState" reported: Mapcycle Not Found
L 12/13/2015 - 16:03:52: [SM] Displaying call stack trace for plugin "nextmap.smx":
L 12/13/2015 - 16:03:52: [SM]   [0]  Line 139, /home/builds/sourcemod/linux-1.7/build/plugins/nextmap.sp::FindAndSetNextMap()
L 12/13/2015 - 16:03:52: [SM]   [1]  Line 109, /home/builds/sourcemod/linux-1.7/build/plugins/nextmap.sp::OnConfigsExecuted()
L 12/13/2015 - 20:18:37: Error log file session closed.
L 12/13/2015 - 20:18:41: SourceMod error session started
L 12/13/2015 - 20:18:41: Info (map "ctf_2fort") (file "errors_20151213.log")
L 12/13/2015 - 20:18:41: [nextmap.smx] FATAL: Cannot load map cycle. Nextmap not loaded.
L 12/13/2015 - 20:18:41: [SM] Plugin encountered error 25: Call was aborted
L 12/13/2015 - 20:18:41: [SM] Native "SetFailState" reported: Mapcycle Not Found
L 12/13/2015 - 20:18:41: [SM] Displaying call stack trace for plugin "nextmap.smx":
L 12/13/2015 - 20:18:41: [SM]   [0]  Line 139, /home/builds/sourcemod/linux-1.7/build/plugins/nextmap.sp::FindAndSetNextMap()
L 12/13/2015 - 20:18:41: [SM]   [1]  Line 109, /home/builds/sourcemod/linux-1.7/build/plugins/nextmap.sp::OnConfigsExecuted()
