L 12/11/2015 - 16:34:26: SourceMod error session started
L 12/11/2015 - 16:34:26: Info (map "ctf_2fort") (file "errors_20151211.log")
L 12/11/2015 - 16:34:26: Error log file session closed.
L 12/11/2015 - 16:34:31: SourceMod error session started
L 12/11/2015 - 16:34:31: Info (map "ctf_2fort") (file "errors_20151211.log")
L 12/11/2015 - 16:34:31: [nextmap.smx] FATAL: Cannot load map cycle. Nextmap not loaded.
L 12/11/2015 - 16:34:31: [SM] Plugin encountered error 25: Call was aborted
L 12/11/2015 - 16:34:31: [SM] Native "SetFailState" reported: Mapcycle Not Found
L 12/11/2015 - 16:34:31: [SM] Displaying call stack trace for plugin "nextmap.smx":
L 12/11/2015 - 16:34:31: [SM]   [0]  Line 139, /home/builds/sourcemod/linux-1.7/build/plugins/nextmap.sp::FindAndSetNextMap()
L 12/11/2015 - 16:34:31: [SM]   [1]  Line 109, /home/builds/sourcemod/linux-1.7/build/plugins/nextmap.sp::OnConfigsExecuted()
L 12/11/2015 - 20:41:04: Error log file session closed.
L 12/11/2015 - 20:41:08: SourceMod error session started
L 12/11/2015 - 20:41:08: Info (map "ctf_2fort") (file "errors_20151211.log")
L 12/11/2015 - 20:41:08: [nextmap.smx] FATAL: Cannot load map cycle. Nextmap not loaded.
L 12/11/2015 - 20:41:08: [SM] Plugin encountered error 25: Call was aborted
L 12/11/2015 - 20:41:08: [SM] Native "SetFailState" reported: Mapcycle Not Found
L 12/11/2015 - 20:41:08: [SM] Displaying call stack trace for plugin "nextmap.smx":
L 12/11/2015 - 20:41:08: [SM]   [0]  Line 139, /home/builds/sourcemod/linux-1.7/build/plugins/nextmap.sp::FindAndSetNextMap()
L 12/11/2015 - 20:41:08: [SM]   [1]  Line 109, /home/builds/sourcemod/linux-1.7/build/plugins/nextmap.sp::OnConfigsExecuted()
L 12/11/2015 - 21:51:21: Error log file session closed.
L 12/11/2015 - 21:51:26: SourceMod error session started
L 12/11/2015 - 21:51:26: Info (map "ctf_2fort") (file "errors_20151211.log")
L 12/11/2015 - 21:51:26: [nextmap.smx] FATAL: Cannot load map cycle. Nextmap not loaded.
L 12/11/2015 - 21:51:26: [SM] Plugin encountered error 25: Call was aborted
L 12/11/2015 - 21:51:26: [SM] Native "SetFailState" reported: Mapcycle Not Found
L 12/11/2015 - 21:51:26: [SM] Displaying call stack trace for plugin "nextmap.smx":
L 12/11/2015 - 21:51:26: [SM]   [0]  Line 139, /home/builds/sourcemod/linux-1.7/build/plugins/nextmap.sp::FindAndSetNextMap()
L 12/11/2015 - 21:51:26: [SM]   [1]  Line 109, /home/builds/sourcemod/linux-1.7/build/plugins/nextmap.sp::OnConfigsExecuted()
L 12/11/2015 - 22:22:56: Error log file session closed.
L 12/11/2015 - 22:23:01: SourceMod error session started
L 12/11/2015 - 22:23:01: Info (map "ctf_2fort") (file "errors_20151211.log")
L 12/11/2015 - 22:23:01: [nextmap.smx] FATAL: Cannot load map cycle. Nextmap not loaded.
L 12/11/2015 - 22:23:01: [SM] Plugin encountered error 25: Call was aborted
L 12/11/2015 - 22:23:01: [SM] Native "SetFailState" reported: Mapcycle Not Found
L 12/11/2015 - 22:23:01: [SM] Displaying call stack trace for plugin "nextmap.smx":
L 12/11/2015 - 22:23:01: [SM]   [0]  Line 139, /home/builds/sourcemod/linux-1.7/build/plugins/nextmap.sp::FindAndSetNextMap()
L 12/11/2015 - 22:23:01: [SM]   [1]  Line 109, /home/builds/sourcemod/linux-1.7/build/plugins/nextmap.sp::OnConfigsExecuted()
L 12/11/2015 - 22:53:19: Error log file session closed.
L 12/11/2015 - 22:53:23: SourceMod error session started
L 12/11/2015 - 22:53:23: Info (map "ctf_2fort") (file "errors_20151211.log")
L 12/11/2015 - 22:53:23: [nextmap.smx] FATAL: Cannot load map cycle. Nextmap not loaded.
L 12/11/2015 - 22:53:23: [SM] Plugin encountered error 25: Call was aborted
L 12/11/2015 - 22:53:23: [SM] Native "SetFailState" reported: Mapcycle Not Found
L 12/11/2015 - 22:53:23: [SM] Displaying call stack trace for plugin "nextmap.smx":
L 12/11/2015 - 22:53:23: [SM]   [0]  Line 139, /home/builds/sourcemod/linux-1.7/build/plugins/nextmap.sp::FindAndSetNextMap()
L 12/11/2015 - 22:53:23: [SM]   [1]  Line 109, /home/builds/sourcemod/linux-1.7/build/plugins/nextmap.sp::OnConfigsExecuted()
