L 12/26/2015 - 13:39:16: SourceMod error session started
L 12/26/2015 - 13:39:16: Info (map "ctf_2fort") (file "errors_20151226.log")
L 12/26/2015 - 13:39:16: Error log file session closed.
L 12/26/2015 - 13:39:20: SourceMod error session started
L 12/26/2015 - 13:39:20: Info (map "ctf_2fort") (file "errors_20151226.log")
L 12/26/2015 - 13:39:20: [nextmap.smx] FATAL: Cannot load map cycle. Nextmap not loaded.
L 12/26/2015 - 13:39:20: [SM] Plugin encountered error 25: Call was aborted
L 12/26/2015 - 13:39:20: [SM] Native "SetFailState" reported: Mapcycle Not Found
L 12/26/2015 - 13:39:20: [SM] Displaying call stack trace for plugin "nextmap.smx":
L 12/26/2015 - 13:39:20: [SM]   [0]  Line 139, /home/builds/sourcemod/linux-1.7/build/plugins/nextmap.sp::FindAndSetNextMap()
L 12/26/2015 - 13:39:20: [SM]   [1]  Line 109, /home/builds/sourcemod/linux-1.7/build/plugins/nextmap.sp::OnConfigsExecuted()
L 12/26/2015 - 18:25:09: Error log file session closed.
L 12/26/2015 - 18:25:13: SourceMod error session started
L 12/26/2015 - 18:25:13: Info (map "ctf_2fort") (file "errors_20151226.log")
L 12/26/2015 - 18:25:13: [nextmap.smx] FATAL: Cannot load map cycle. Nextmap not loaded.
L 12/26/2015 - 18:25:13: [SM] Plugin encountered error 25: Call was aborted
L 12/26/2015 - 18:25:13: [SM] Native "SetFailState" reported: Mapcycle Not Found
L 12/26/2015 - 18:25:13: [SM] Displaying call stack trace for plugin "nextmap.smx":
L 12/26/2015 - 18:25:13: [SM]   [0]  Line 139, /home/builds/sourcemod/linux-1.7/build/plugins/nextmap.sp::FindAndSetNextMap()
L 12/26/2015 - 18:25:13: [SM]   [1]  Line 109, /home/builds/sourcemod/linux-1.7/build/plugins/nextmap.sp::OnConfigsExecuted()
L 12/26/2015 - 19:57:25: Error log file session closed.
L 12/26/2015 - 19:57:29: SourceMod error session started
L 12/26/2015 - 19:57:29: Info (map "ctf_2fort") (file "errors_20151226.log")
L 12/26/2015 - 19:57:29: [nextmap.smx] FATAL: Cannot load map cycle. Nextmap not loaded.
L 12/26/2015 - 19:57:29: [SM] Plugin encountered error 25: Call was aborted
L 12/26/2015 - 19:57:29: [SM] Native "SetFailState" reported: Mapcycle Not Found
L 12/26/2015 - 19:57:29: [SM] Displaying call stack trace for plugin "nextmap.smx":
L 12/26/2015 - 19:57:29: [SM]   [0]  Line 139, /home/builds/sourcemod/linux-1.7/build/plugins/nextmap.sp::FindAndSetNextMap()
L 12/26/2015 - 19:57:29: [SM]   [1]  Line 109, /home/builds/sourcemod/linux-1.7/build/plugins/nextmap.sp::OnConfigsExecuted()
L 12/26/2015 - 21:29:02: Error log file session closed.
L 12/26/2015 - 21:29:06: SourceMod error session started
L 12/26/2015 - 21:29:06: Info (map "ctf_2fort") (file "errors_20151226.log")
L 12/26/2015 - 21:29:06: [nextmap.smx] FATAL: Cannot load map cycle. Nextmap not loaded.
L 12/26/2015 - 21:29:06: [SM] Plugin encountered error 25: Call was aborted
L 12/26/2015 - 21:29:06: [SM] Native "SetFailState" reported: Mapcycle Not Found
L 12/26/2015 - 21:29:06: [SM] Displaying call stack trace for plugin "nextmap.smx":
L 12/26/2015 - 21:29:06: [SM]   [0]  Line 139, /home/builds/sourcemod/linux-1.7/build/plugins/nextmap.sp::FindAndSetNextMap()
L 12/26/2015 - 21:29:06: [SM]   [1]  Line 109, /home/builds/sourcemod/linux-1.7/build/plugins/nextmap.sp::OnConfigsExecuted()
L 12/26/2015 - 22:00:18: Error log file session closed.
L 12/26/2015 - 22:00:22: SourceMod error session started
L 12/26/2015 - 22:00:22: Info (map "ctf_2fort") (file "errors_20151226.log")
L 12/26/2015 - 22:00:22: [nextmap.smx] FATAL: Cannot load map cycle. Nextmap not loaded.
L 12/26/2015 - 22:00:22: [SM] Plugin encountered error 25: Call was aborted
L 12/26/2015 - 22:00:22: [SM] Native "SetFailState" reported: Mapcycle Not Found
L 12/26/2015 - 22:00:22: [SM] Displaying call stack trace for plugin "nextmap.smx":
L 12/26/2015 - 22:00:22: [SM]   [0]  Line 139, /home/builds/sourcemod/linux-1.7/build/plugins/nextmap.sp::FindAndSetNextMap()
L 12/26/2015 - 22:00:22: [SM]   [1]  Line 109, /home/builds/sourcemod/linux-1.7/build/plugins/nextmap.sp::OnConfigsExecuted()
