L 01/09/2016 - 00:53:08: SourceMod log file session started (file "L20160109.log") (Version "1.7.3-dev+5275")
L 01/09/2016 - 00:53:08: Log file closed.
L 01/09/2016 - 00:53:29: SourceMod log file session started (file "L20160109.log") (Version "1.7.3-dev+5275")
L 01/09/2016 - 00:53:29: -------- Mapchange to ctf_2fort --------
L 01/09/2016 - 00:53:29: [rtd.smx] File test for rtd.phrases.txt: PASSED!
L 01/09/2016 - 00:53:29: [rtd.smx] File test for rtd_effects.cfg: PASSED!
L 01/09/2016 - 00:53:29: [rtd.smx] Loaded 35 effects: (19 good) (16 bad).
L 01/09/2016 - 00:53:34: [basecommands.smx] "Console<0><Console><Console>" changed cvar (cvar "tf_birthday") (value "0")
L 01/09/2016 - 00:53:35: [UPDATER] Successfully updated gamedata file "sdkhooks.games/game.neotokyo.txt"
L 01/09/2016 - 00:53:35: [UPDATER] Successfully updated gamedata file "sdkhooks.games/game.pvkii.txt"
L 01/09/2016 - 00:53:35: [UPDATER] Successfully updated gamedata file "sdktools.games/game.neotokyo.txt"
L 01/09/2016 - 00:53:35: [UPDATER] Successfully updated gamedata file "sdktools.games/game.pvkii.txt"
L 01/09/2016 - 00:53:35: [UPDATER] Successfully updated gamedata file "sdktools.games/game.nmrih.txt"
L 01/09/2016 - 00:53:35: [UPDATER] SourceMod has been updated, please reload it or restart your server.
L 01/09/2016 - 00:53:35: [rtd.smx] Added chat trigger: rollthedice
L 01/09/2016 - 00:53:35: [rtd.smx] Added chat trigger: roll
L 01/09/2016 - 00:53:44: Log file closed.
L 01/09/2016 - 00:54:35: SourceMod log file session started (file "L20160109.log") (Version "1.7.3-dev+5275")
L 01/09/2016 - 00:54:35: -------- Mapchange to ctf_2fort --------
L 01/09/2016 - 00:54:35: [rtd.smx] File test for rtd.phrases.txt: PASSED!
L 01/09/2016 - 00:54:35: [rtd.smx] File test for rtd_effects.cfg: PASSED!
L 01/09/2016 - 00:54:35: [rtd.smx] Loaded 35 effects: (19 good) (16 bad).
L 01/09/2016 - 00:54:40: [basecommands.smx] "Console<0><Console><Console>" changed cvar (cvar "tf_birthday") (value "0")
L 01/09/2016 - 00:54:41: [rtd.smx] Added chat trigger: rollthedice
L 01/09/2016 - 00:54:41: [rtd.smx] Added chat trigger: roll
L 01/09/2016 - 14:37:28: [SM] Changed map to "ctf_2fort"
L 01/09/2016 - 14:37:29: -------- Mapchange to ctf_2fort --------
L 01/09/2016 - 14:37:34: [basecommands.smx] "Console<0><Console><Console>" changed cvar (cvar "tf_birthday") (value "0")
L 01/09/2016 - 15:20:52: [SM] Changed map to "ctf_2fort"
L 01/09/2016 - 15:20:53: -------- Mapchange to ctf_2fort --------
L 01/09/2016 - 15:20:57: [basecommands.smx] "Console<0><Console><Console>" changed cvar (cvar "tf_birthday") (value "0")
L 01/09/2016 - 16:34:31: [SM] Changed map to "ctf_2fort"
L 01/09/2016 - 16:34:32: -------- Mapchange to ctf_2fort --------
L 01/09/2016 - 16:34:36: [basecommands.smx] "Console<0><Console><Console>" changed cvar (cvar "tf_birthday") (value "0")
L 01/09/2016 - 17:05:46: [SM] Changed map to "ctf_2fort"
L 01/09/2016 - 17:05:47: -------- Mapchange to ctf_2fort --------
L 01/09/2016 - 17:05:52: [basecommands.smx] "Console<0><Console><Console>" changed cvar (cvar "tf_birthday") (value "0")
L 01/09/2016 - 19:28:41: [SM] Changed map to "ctf_2fort"
L 01/09/2016 - 19:28:42: -------- Mapchange to ctf_2fort --------
L 01/09/2016 - 19:28:46: [basecommands.smx] "Console<0><Console><Console>" changed cvar (cvar "tf_birthday") (value "0")
L 01/09/2016 - 20:01:43: [SM] Changed map to "ctf_2fort"
L 01/09/2016 - 20:01:44: -------- Mapchange to ctf_2fort --------
L 01/09/2016 - 20:01:48: [basecommands.smx] "Console<0><Console><Console>" changed cvar (cvar "tf_birthday") (value "0")
L 01/09/2016 - 20:47:27: [SM] Changed map to "ctf_2fort"
L 01/09/2016 - 20:47:28: -------- Mapchange to ctf_2fort --------
L 01/09/2016 - 20:47:32: [basecommands.smx] "Console<0><Console><Console>" changed cvar (cvar "tf_birthday") (value "0")
L 01/09/2016 - 21:30:48: [SM] Changed map to "ctf_2fort"
L 01/09/2016 - 21:30:49: -------- Mapchange to ctf_2fort --------
L 01/09/2016 - 21:30:53: [basecommands.smx] "Console<0><Console><Console>" changed cvar (cvar "tf_birthday") (value "0")
L 01/09/2016 - 22:22:16: [SM] Changed map to "ctf_2fort"
L 01/09/2016 - 22:22:17: -------- Mapchange to ctf_2fort --------
L 01/09/2016 - 22:22:21: [basecommands.smx] "Console<0><Console><Console>" changed cvar (cvar "tf_birthday") (value "0")
