L 04/08/2016 - 00:05:59: SourceMod log file session started (file "L20160408.log") (Version "1.7.3-dev+5275")
L 04/08/2016 - 00:05:59: [TF2 Set Class.smx] "*FHR* ÐJ DovahYT {NSJT} λ³<6><[U:1:138265817]><>" set class of  "*FHR* ÐJ DovahYT {NSJT} λ³<6><[U:1:138265817]><>" to (class Engineer)
L 04/08/2016 - 00:17:15: [playercommands.smx] "TCLG6x6<3><[U:1:82685988]><>" slayed "SCOUT<5><[U:1:169831487]><>"
L 04/08/2016 - 00:17:56: [selfnoclip.smx] Enabled noclip
L 04/08/2016 - 00:17:57: [selfnoclip.smx] Disabled noclip
L 04/08/2016 - 00:45:39: [playercommands.smx] "TCLG6x6<3><[U:1:82685988]><>" slayed "SCOUT<5><[U:1:169831487]><>"
L 04/08/2016 - 00:45:41: [playercommands.smx] "TCLG6x6<3><[U:1:82685988]><>" slayed "SCOUT<5><[U:1:169831487]><>"
L 04/08/2016 - 00:45:41: [playercommands.smx] "TCLG6x6<3><[U:1:82685988]><>" slayed "SCOUT<5><[U:1:169831487]><>"
L 04/08/2016 - 00:45:41: [playercommands.smx] "TCLG6x6<3><[U:1:82685988]><>" slayed "SCOUT<5><[U:1:169831487]><>"
L 04/08/2016 - 00:45:42: [playercommands.smx] "TCLG6x6<3><[U:1:82685988]><>" slayed "SCOUT<5><[U:1:169831487]><>"
L 04/08/2016 - 00:45:42: [playercommands.smx] "TCLG6x6<3><[U:1:82685988]><>" slayed "SCOUT<5><[U:1:169831487]><>"
L 04/08/2016 - 00:45:42: [playercommands.smx] "TCLG6x6<3><[U:1:82685988]><>" slayed "SCOUT<5><[U:1:169831487]><>"
L 04/08/2016 - 00:45:42: [playercommands.smx] "TCLG6x6<3><[U:1:82685988]><>" slayed "SCOUT<5><[U:1:169831487]><>"
L 04/08/2016 - 00:45:42: [playercommands.smx] "TCLG6x6<3><[U:1:82685988]><>" slayed "SCOUT<5><[U:1:169831487]><>"
L 04/08/2016 - 00:45:42: [playercommands.smx] "TCLG6x6<3><[U:1:82685988]><>" slayed "SCOUT<5><[U:1:169831487]><>"
L 04/08/2016 - 00:45:43: [playercommands.smx] "TCLG6x6<3><[U:1:82685988]><>" slayed "SCOUT<5><[U:1:169831487]><>"
L 04/08/2016 - 00:45:43: [playercommands.smx] "TCLG6x6<3><[U:1:82685988]><>" slayed "SCOUT<5><[U:1:169831487]><>"
L 04/08/2016 - 00:45:43: [playercommands.smx] "TCLG6x6<3><[U:1:82685988]><>" slayed "SCOUT<5><[U:1:169831487]><>"
L 04/08/2016 - 00:45:43: [playercommands.smx] "TCLG6x6<3><[U:1:82685988]><>" slayed "SCOUT<5><[U:1:169831487]><>"
L 04/08/2016 - 00:45:43: [playercommands.smx] "TCLG6x6<3><[U:1:82685988]><>" slayed "SCOUT<5><[U:1:169831487]><>"
L 04/08/2016 - 00:45:43: [playercommands.smx] "TCLG6x6<3><[U:1:82685988]><>" slayed "SCOUT<5><[U:1:169831487]><>"
L 04/08/2016 - 00:45:44: [playercommands.smx] "TCLG6x6<3><[U:1:82685988]><>" slayed "SCOUT<5><[U:1:169831487]><>"
L 04/08/2016 - 00:45:44: [playercommands.smx] "TCLG6x6<3><[U:1:82685988]><>" slayed "SCOUT<5><[U:1:169831487]><>"
L 04/08/2016 - 00:45:44: [playercommands.smx] "TCLG6x6<3><[U:1:82685988]><>" slayed "SCOUT<5><[U:1:169831487]><>"
L 04/08/2016 - 00:45:44: [playercommands.smx] "TCLG6x6<3><[U:1:82685988]><>" slayed "SCOUT<5><[U:1:169831487]><>"
L 04/08/2016 - 00:45:45: [playercommands.smx] "TCLG6x6<3><[U:1:82685988]><>" slayed "SCOUT<5><[U:1:169831487]><>"
L 04/08/2016 - 00:45:45: [playercommands.smx] "TCLG6x6<3><[U:1:82685988]><>" slayed "SCOUT<5><[U:1:169831487]><>"
L 04/08/2016 - 00:45:45: [playercommands.smx] "TCLG6x6<3><[U:1:82685988]><>" slayed "SCOUT<5><[U:1:169831487]><>"
L 04/08/2016 - 00:45:45: [playercommands.smx] "TCLG6x6<3><[U:1:82685988]><>" slayed "SCOUT<5><[U:1:169831487]><>"
L 04/08/2016 - 00:45:45: [playercommands.smx] "TCLG6x6<3><[U:1:82685988]><>" slayed "SCOUT<5><[U:1:169831487]><>"
L 04/08/2016 - 00:45:46: [playercommands.smx] "TCLG6x6<3><[U:1:82685988]><>" slayed "SCOUT<5><[U:1:169831487]><>"
L 04/08/2016 - 00:45:46: [playercommands.smx] "TCLG6x6<3><[U:1:82685988]><>" slayed "SCOUT<5><[U:1:169831487]><>"
L 04/08/2016 - 00:45:46: [playercommands.smx] "TCLG6x6<3><[U:1:82685988]><>" slayed "SCOUT<5><[U:1:169831487]><>"
L 04/08/2016 - 00:45:46: [playercommands.smx] "TCLG6x6<3><[U:1:82685988]><>" slayed "SCOUT<5><[U:1:169831487]><>"
L 04/08/2016 - 00:45:46: [playercommands.smx] "TCLG6x6<3><[U:1:82685988]><>" slayed "SCOUT<5><[U:1:169831487]><>"
L 04/08/2016 - 00:45:46: [playercommands.smx] "TCLG6x6<3><[U:1:82685988]><>" slayed "SCOUT<5><[U:1:169831487]><>"
L 04/08/2016 - 00:45:47: [playercommands.smx] "TCLG6x6<3><[U:1:82685988]><>" slayed "SCOUT<5><[U:1:169831487]><>"
L 04/08/2016 - 00:45:47: [playercommands.smx] "TCLG6x6<3><[U:1:82685988]><>" slayed "SCOUT<5><[U:1:169831487]><>"
L 04/08/2016 - 00:45:47: [playercommands.smx] "TCLG6x6<3><[U:1:82685988]><>" slayed "SCOUT<5><[U:1:169831487]><>"
L 04/08/2016 - 00:45:47: [playercommands.smx] "TCLG6x6<3><[U:1:82685988]><>" slayed "SCOUT<5><[U:1:169831487]><>"
L 04/08/2016 - 00:45:49: [playercommands.smx] "TCLG6x6<3><[U:1:82685988]><>" slayed "SCOUT<5><[U:1:169831487]><>"
L 04/08/2016 - 00:45:49: [playercommands.smx] "TCLG6x6<3><[U:1:82685988]><>" slayed "SCOUT<5><[U:1:169831487]><>"
L 04/08/2016 - 00:45:49: [playercommands.smx] "TCLG6x6<3><[U:1:82685988]><>" slayed "SCOUT<5><[U:1:169831487]><>"
L 04/08/2016 - 00:45:50: [playercommands.smx] "TCLG6x6<3><[U:1:82685988]><>" slayed "SCOUT<5><[U:1:169831487]><>"
L 04/08/2016 - 00:45:50: [playercommands.smx] "TCLG6x6<3><[U:1:82685988]><>" slayed "SCOUT<5><[U:1:169831487]><>"
L 04/08/2016 - 00:45:50: [playercommands.smx] "TCLG6x6<3><[U:1:82685988]><>" slayed "SCOUT<5><[U:1:169831487]><>"
L 04/08/2016 - 00:45:50: [playercommands.smx] "TCLG6x6<3><[U:1:82685988]><>" slayed "SCOUT<5><[U:1:169831487]><>"
L 04/08/2016 - 00:45:51: [playercommands.smx] "TCLG6x6<3><[U:1:82685988]><>" slayed "SCOUT<5><[U:1:169831487]><>"
L 04/08/2016 - 00:45:51: [playercommands.smx] "TCLG6x6<3><[U:1:82685988]><>" slayed "SCOUT<5><[U:1:169831487]><>"
L 04/08/2016 - 00:45:51: [playercommands.smx] "TCLG6x6<3><[U:1:82685988]><>" slayed "SCOUT<5><[U:1:169831487]><>"
L 04/08/2016 - 00:45:51: [playercommands.smx] "TCLG6x6<3><[U:1:82685988]><>" slayed "SCOUT<5><[U:1:169831487]><>"
L 04/08/2016 - 00:45:51: [playercommands.smx] "TCLG6x6<3><[U:1:82685988]><>" slayed "SCOUT<5><[U:1:169831487]><>"
L 04/08/2016 - 00:45:51: [playercommands.smx] "TCLG6x6<3><[U:1:82685988]><>" slayed "SCOUT<5><[U:1:169831487]><>"
L 04/08/2016 - 00:45:51: [playercommands.smx] "TCLG6x6<3><[U:1:82685988]><>" slayed "SCOUT<5><[U:1:169831487]><>"
L 04/08/2016 - 00:45:52: [playercommands.smx] "TCLG6x6<3><[U:1:82685988]><>" slayed "SCOUT<5><[U:1:169831487]><>"
L 04/08/2016 - 00:45:52: [playercommands.smx] "TCLG6x6<3><[U:1:82685988]><>" slayed "SCOUT<5><[U:1:169831487]><>"
L 04/08/2016 - 00:45:52: [playercommands.smx] "TCLG6x6<3><[U:1:82685988]><>" slayed "SCOUT<5><[U:1:169831487]><>"
L 04/08/2016 - 00:45:58: [playercommands.smx] "TCLG6x6<3><[U:1:82685988]><>" slayed "SCOUT<5><[U:1:169831487]><>"
L 04/08/2016 - 20:23:16: [basecommands.smx] "*FHR* ÐJ DovaYT #WaitingForYou<13><[U:1:138265817]><>" changed cvar (cvar "sv_cheats") (value "1")
