L 12/03/2015 - 00:00:38: SourceMod log file session started (file "L20151203.log") (Version "1.7.3-dev+5275")
L 12/03/2015 - 00:00:38: -------- Mapchange to ctf_2fort --------
L 12/03/2015 - 00:00:38: [rtd.smx] File test for rtd.phrases.txt: PASSED!
L 12/03/2015 - 00:00:38: [rtd.smx] File test for rtd_effects.cfg: PASSED!
L 12/03/2015 - 00:00:38: [rtd.smx] Loaded 35 effects: (19 good) (16 bad).
L 12/03/2015 - 00:00:43: [basecommands.smx] "Console<0><Console><Console>" changed cvar (cvar "tf_birthday") (value "1")
L 12/03/2015 - 00:00:43: [rtd.smx] Added chat trigger: rollthedice
L 12/03/2015 - 00:00:43: [rtd.smx] Added chat trigger: roll
L 12/03/2015 - 00:03:51: Log file closed.
L 12/03/2015 - 00:06:39: SourceMod log file session started (file "L20151203.log") (Version "1.7.3-dev+5275")
L 12/03/2015 - 00:06:39: -------- Mapchange to ctf_2fort --------
L 12/03/2015 - 00:06:39: [rtd.smx] File test for rtd.phrases.txt: PASSED!
L 12/03/2015 - 00:06:39: [rtd.smx] File test for rtd_effects.cfg: PASSED!
L 12/03/2015 - 00:06:39: [rtd.smx] Loaded 35 effects: (19 good) (16 bad).
L 12/03/2015 - 00:06:44: [basecommands.smx] "Console<0><Console><Console>" changed cvar (cvar "tf_birthday") (value "1")
L 12/03/2015 - 00:06:44: [rtd.smx] Added chat trigger: rollthedice
L 12/03/2015 - 00:06:44: [rtd.smx] Added chat trigger: roll
L 12/03/2015 - 00:08:28: [basecommands.smx] "Console<0><Console><Console>" refreshed the admin cache.
L 12/03/2015 - 00:11:58: Log file closed.
L 12/03/2015 - 00:12:08: SourceMod log file session started (file "L20151203.log") (Version "1.7.3-dev+5275")
L 12/03/2015 - 00:12:08: -------- Mapchange to ctf_2fort --------
L 12/03/2015 - 00:12:08: [rtd.smx] File test for rtd.phrases.txt: PASSED!
L 12/03/2015 - 00:12:08: [rtd.smx] File test for rtd_effects.cfg: PASSED!
L 12/03/2015 - 00:12:08: [rtd.smx] Loaded 35 effects: (19 good) (16 bad).
L 12/03/2015 - 00:12:13: [basecommands.smx] "Console<0><Console><Console>" changed cvar (cvar "tf_birthday") (value "1")
L 12/03/2015 - 00:12:14: [rtd.smx] Added chat trigger: rollthedice
L 12/03/2015 - 00:12:14: [rtd.smx] Added chat trigger: roll
L 12/03/2015 - 23:07:46: SourceMod log file session started (file "L20151203.log") (Version "1.7.3-dev+5275")
L 12/03/2015 - 23:07:46: -------- Mapchange to ctf_2fort --------
L 12/03/2015 - 23:07:46: [rtd.smx] File test for rtd.phrases.txt: PASSED!
L 12/03/2015 - 23:07:46: [rtd.smx] File test for rtd_effects.cfg: PASSED!
L 12/03/2015 - 23:07:46: [rtd.smx] Loaded 35 effects: (19 good) (16 bad).
L 12/03/2015 - 23:07:51: [basecommands.smx] "Console<0><Console><Console>" changed cvar (cvar "tf_birthday") (value "1")
L 12/03/2015 - 23:07:51: [rtd.smx] Added chat trigger: rollthedice
L 12/03/2015 - 23:07:51: [rtd.smx] Added chat trigger: roll
L 12/03/2015 - 23:58:18: Log file closed.
L 12/03/2015 - 23:58:26: SourceMod log file session started (file "L20151203.log") (Version "1.7.3-dev+5275")
L 12/03/2015 - 23:58:26: -------- Mapchange to ctf_2fort --------
L 12/03/2015 - 23:58:26: [rtd.smx] File test for rtd.phrases.txt: PASSED!
L 12/03/2015 - 23:58:26: [rtd.smx] File test for rtd_effects.cfg: PASSED!
L 12/03/2015 - 23:58:26: [rtd.smx] Loaded 35 effects: (19 good) (16 bad).
L 12/03/2015 - 23:58:31: [basecommands.smx] "Console<0><Console><Console>" changed cvar (cvar "tf_birthday") (value "1")
L 12/03/2015 - 23:58:31: [rtd.smx] Added chat trigger: rollthedice
L 12/03/2015 - 23:58:31: [rtd.smx] Added chat trigger: roll
