L 04/20/2016 - 06:47:56: SourceMod log file session started (file "L20160420.log") (Version "1.7.3-dev+5275")
L 04/20/2016 - 06:47:56: -------- Mapchange to tf_tornadohighway_final2 --------
L 04/20/2016 - 06:47:56: [TF2ITEMS] "GiveNamedItem" offset = 479
L 04/20/2016 - 06:47:56: [GEOIP] GeoIP database info: GEO-106FREE 20151103 Build 1 Copyright (c) 2015 MaxMind Inc All Rights Reserved
L 04/20/2016 - 06:47:56: [freak_fortress_2.smx] ===Freak Fortress 2 Initializing-v1.10.8===
L 04/20/2016 - 06:47:56: [rtd.smx] File test for rtd.phrases.txt: PASSED!
L 04/20/2016 - 06:47:56: [rtd.smx] File test for rtd_effects.cfg: PASSED!
L 04/20/2016 - 06:47:56: [rtd.smx] Loaded 35 effects: (19 good) (16 bad).
L 04/20/2016 - 06:47:56: [simple-chatprocessor.smx] [SCP] Recognized mod [Team Fortress 2].
L 04/20/2016 - 06:47:56: [simple-chatprocessor.smx] [SCP] Loading translation file [scp.tf.phrases].
L 04/20/2016 - 06:48:02: [deathrun.smx] Current map is not a deathrun map. Disabling Deathrun Gamemode.
L 04/20/2016 - 06:48:02: [rtd.smx] Added chat trigger: rollthedice
L 04/20/2016 - 06:48:02: [rtd.smx] Added chat trigger: roll
L 04/20/2016 - 06:48:02: [custom-chatcolors-menu.smx] Loaded 156 colors from configuration file addons/sourcemod/configs/custom-chatcolors-menu.cfg.
L 04/20/2016 - 06:48:02: [buildinghats.smx] [Building Hats] Executing configuration file addons/sourcemod/configs/buildinghats.cfg
L 04/20/2016 - 06:48:02: [custom-chatcolors-menu.smx] MySQL server configured. Variable saving enabled.
L 04/20/2016 - 06:48:28: [basecommands.smx] "Console<0><Console><Console>" changed map to "vsh_snowycomplex_day"
L 04/20/2016 - 06:48:31: [SM] Changed map to "vsh_snowycomplex_day"
L 04/20/2016 - 06:48:32: -------- Mapchange to vsh_snowycomplex_day --------
L 04/20/2016 - 06:48:32: [huntsman.smx] Failed to load: Failed to find Offset_HuntsmanPatch.
L 04/20/2016 - 06:48:37: [deathrun.smx] Current map is not a deathrun map. Disabling Deathrun Gamemode.
L 04/20/2016 - 06:48:37: [custom-chatcolors-menu.smx] Loaded 156 colors from configuration file addons/sourcemod/configs/custom-chatcolors-menu.cfg.
L 04/20/2016 - 06:48:37: [buildinghats.smx] [Building Hats] Executing configuration file addons/sourcemod/configs/buildinghats.cfg
L 04/20/2016 - 07:03:34: SourceMod log file session started (file "L20160420.log") (Version "1.7.3-dev+5275")
L 04/20/2016 - 07:03:34: -------- Mapchange to tf_tornadohighway_final2 --------
L 04/20/2016 - 07:03:34: [TF2ITEMS] "GiveNamedItem" offset = 479
L 04/20/2016 - 07:03:34: [GEOIP] GeoIP database info: GEO-106FREE 20151103 Build 1 Copyright (c) 2015 MaxMind Inc All Rights Reserved
L 04/20/2016 - 07:03:34: [freak_fortress_2.smx] ===Freak Fortress 2 Initializing-v1.10.8===
L 04/20/2016 - 07:03:34: [rtd.smx] File test for rtd.phrases.txt: PASSED!
L 04/20/2016 - 07:03:34: [rtd.smx] File test for rtd_effects.cfg: PASSED!
L 04/20/2016 - 07:03:34: [rtd.smx] Loaded 35 effects: (19 good) (16 bad).
L 04/20/2016 - 07:03:34: [simple-chatprocessor.smx] [SCP] Recognized mod [Team Fortress 2].
L 04/20/2016 - 07:03:34: [simple-chatprocessor.smx] [SCP] Loading translation file [scp.tf.phrases].
L 04/20/2016 - 07:03:40: [deathrun.smx] Current map is not a deathrun map. Disabling Deathrun Gamemode.
L 04/20/2016 - 07:03:40: [rtd.smx] Added chat trigger: rollthedice
L 04/20/2016 - 07:03:40: [rtd.smx] Added chat trigger: roll
L 04/20/2016 - 07:03:40: [custom-chatcolors-menu.smx] Loaded 156 colors from configuration file addons/sourcemod/configs/custom-chatcolors-menu.cfg.
L 04/20/2016 - 07:03:40: [buildinghats.smx] [Building Hats] Executing configuration file addons/sourcemod/configs/buildinghats.cfg
L 04/20/2016 - 07:03:40: [custom-chatcolors-menu.smx] MySQL server configured. Variable saving enabled.
L 04/20/2016 - 07:06:11: [basecommands.smx] "Console<0><Console><Console>" changed map to "vsh_snowycomplex_day"
L 04/20/2016 - 07:06:14: [SM] Changed map to "vsh_snowycomplex_day"
L 04/20/2016 - 07:06:15: -------- Mapchange to vsh_snowycomplex_day --------
L 04/20/2016 - 07:06:15: [huntsman.smx] Failed to load: Failed to find Offset_HuntsmanPatch.
L 04/20/2016 - 07:06:20: [deathrun.smx] Current map is not a deathrun map. Disabling Deathrun Gamemode.
L 04/20/2016 - 07:06:20: [custom-chatcolors-menu.smx] Loaded 156 colors from configuration file addons/sourcemod/configs/custom-chatcolors-menu.cfg.
L 04/20/2016 - 07:06:20: [buildinghats.smx] [Building Hats] Executing configuration file addons/sourcemod/configs/buildinghats.cfg
L 04/20/2016 - 07:23:41: SourceMod log file session started (file "L20160420.log") (Version "1.7.3-dev+5275")
L 04/20/2016 - 07:23:41: -------- Mapchange to tf_tornadohighway_final2 --------
L 04/20/2016 - 07:23:41: [TF2ITEMS] "GiveNamedItem" offset = 479
L 04/20/2016 - 07:23:41: [GEOIP] GeoIP database info: GEO-106FREE 20151103 Build 1 Copyright (c) 2015 MaxMind Inc All Rights Reserved
L 04/20/2016 - 07:23:41: [freak_fortress_2.smx] ===Freak Fortress 2 Initializing-v1.10.8===
L 04/20/2016 - 07:23:41: [rtd.smx] File test for rtd.phrases.txt: PASSED!
L 04/20/2016 - 07:23:41: [rtd.smx] File test for rtd_effects.cfg: PASSED!
L 04/20/2016 - 07:23:41: [rtd.smx] Loaded 35 effects: (19 good) (16 bad).
L 04/20/2016 - 07:23:41: [simple-chatprocessor.smx] [SCP] Recognized mod [Team Fortress 2].
L 04/20/2016 - 07:23:41: [simple-chatprocessor.smx] [SCP] Loading translation file [scp.tf.phrases].
L 04/20/2016 - 07:23:50: [deathrun.smx] Current map is not a deathrun map. Disabling Deathrun Gamemode.
L 04/20/2016 - 07:23:50: [rtd.smx] Added chat trigger: rollthedice
L 04/20/2016 - 07:23:50: [rtd.smx] Added chat trigger: roll
L 04/20/2016 - 07:23:50: [custom-chatcolors-menu.smx] Loaded 156 colors from configuration file addons/sourcemod/configs/custom-chatcolors-menu.cfg.
L 04/20/2016 - 07:23:50: [buildinghats.smx] [Building Hats] Executing configuration file addons/sourcemod/configs/buildinghats.cfg
L 04/20/2016 - 07:23:50: [custom-chatcolors-menu.smx] MySQL server configured. Variable saving enabled.
L 04/20/2016 - 07:25:06: SourceMod log file session started (file "L20160420.log") (Version "1.7.3-dev+5275")
L 04/20/2016 - 07:25:06: -------- Mapchange to tf_tornadohighway_final2 --------
L 04/20/2016 - 07:25:06: [TF2ITEMS] "GiveNamedItem" offset = 479
L 04/20/2016 - 07:25:06: [GEOIP] GeoIP database info: GEO-106FREE 20151103 Build 1 Copyright (c) 2015 MaxMind Inc All Rights Reserved
L 04/20/2016 - 07:25:06: [freak_fortress_2.smx] ===Freak Fortress 2 Initializing-v1.10.8===
L 04/20/2016 - 07:25:06: [rtd.smx] File test for rtd.phrases.txt: PASSED!
L 04/20/2016 - 07:25:06: [rtd.smx] File test for rtd_effects.cfg: PASSED!
L 04/20/2016 - 07:25:06: [rtd.smx] Loaded 35 effects: (19 good) (16 bad).
L 04/20/2016 - 07:25:06: [simple-chatprocessor.smx] [SCP] Recognized mod [Team Fortress 2].
L 04/20/2016 - 07:25:06: [simple-chatprocessor.smx] [SCP] Loading translation file [scp.tf.phrases].
L 04/20/2016 - 07:25:12: [deathrun.smx] Current map is not a deathrun map. Disabling Deathrun Gamemode.
L 04/20/2016 - 07:25:12: [rtd.smx] Added chat trigger: rollthedice
L 04/20/2016 - 07:25:12: [rtd.smx] Added chat trigger: roll
L 04/20/2016 - 07:25:12: [custom-chatcolors-menu.smx] Loaded 156 colors from configuration file addons/sourcemod/configs/custom-chatcolors-menu.cfg.
L 04/20/2016 - 07:25:12: [buildinghats.smx] [Building Hats] Executing configuration file addons/sourcemod/configs/buildinghats.cfg
L 04/20/2016 - 07:25:12: [custom-chatcolors-menu.smx] MySQL server configured. Variable saving enabled.
L 04/20/2016 - 07:30:22: [huntsman.smx] Failed to load: Failed to find Offset_HuntsmanPatch.
L 04/20/2016 - 07:31:35: SourceMod log file session started (file "L20160420.log") (Version "1.7.3-dev+5275")
L 04/20/2016 - 07:31:35: -------- Mapchange to tf_tornadohighway_final2 --------
L 04/20/2016 - 07:31:35: [TF2ITEMS] "GiveNamedItem" offset = 479
L 04/20/2016 - 07:31:35: [GEOIP] GeoIP database info: GEO-106FREE 20151103 Build 1 Copyright (c) 2015 MaxMind Inc All Rights Reserved
L 04/20/2016 - 07:31:35: [freak_fortress_2.smx] ===Freak Fortress 2 Initializing-v1.10.8===
L 04/20/2016 - 07:31:35: [rtd.smx] File test for rtd.phrases.txt: PASSED!
L 04/20/2016 - 07:31:35: [rtd.smx] File test for rtd_effects.cfg: PASSED!
L 04/20/2016 - 07:31:35: [rtd.smx] Loaded 35 effects: (19 good) (16 bad).
L 04/20/2016 - 07:31:35: [simple-chatprocessor.smx] [SCP] Recognized mod [Team Fortress 2].
L 04/20/2016 - 07:31:35: [simple-chatprocessor.smx] [SCP] Loading translation file [scp.tf.phrases].
L 04/20/2016 - 07:42:43: SourceMod log file session started (file "L20160420.log") (Version "1.7.3-dev+5275")
L 04/20/2016 - 07:42:43: -------- Mapchange to tf_tornadohighway_final2 --------
L 04/20/2016 - 07:42:43: [TF2ITEMS] "GiveNamedItem" offset = 479
L 04/20/2016 - 07:42:43: [GEOIP] GeoIP database info: GEO-106FREE 20151103 Build 1 Copyright (c) 2015 MaxMind Inc All Rights Reserved
L 04/20/2016 - 07:42:43: [freak_fortress_2.smx] ===Freak Fortress 2 Initializing-v1.10.8===
L 04/20/2016 - 07:42:43: [rtd.smx] File test for rtd.phrases.txt: PASSED!
L 04/20/2016 - 07:42:43: [rtd.smx] File test for rtd_effects.cfg: PASSED!
L 04/20/2016 - 07:42:43: [rtd.smx] Loaded 35 effects: (19 good) (16 bad).
L 04/20/2016 - 07:42:43: [simple-chatprocessor.smx] [SCP] Recognized mod [Team Fortress 2].
L 04/20/2016 - 07:42:43: [simple-chatprocessor.smx] [SCP] Loading translation file [scp.tf.phrases].
L 04/20/2016 - 07:42:49: [deathrun.smx] Current map is not a deathrun map. Disabling Deathrun Gamemode.
L 04/20/2016 - 07:42:49: [rtd.smx] Added chat trigger: rollthedice
L 04/20/2016 - 07:42:49: [rtd.smx] Added chat trigger: roll
L 04/20/2016 - 07:42:49: [custom-chatcolors-menu.smx] Loaded 156 colors from configuration file addons/sourcemod/configs/custom-chatcolors-menu.cfg.
L 04/20/2016 - 07:42:49: [buildinghats.smx] [Building Hats] Executing configuration file addons/sourcemod/configs/buildinghats.cfg
L 04/20/2016 - 07:42:49: [custom-chatcolors-menu.smx] MySQL server configured. Variable saving enabled.
L 04/20/2016 - 07:45:26: [huntsman.smx] Failed to load: Failed to find Offset_HuntsmanPatch.
L 04/20/2016 - 07:45:26: [freak_fortress_2.smx] ===Freak Fortress 2 Initializing-v1.10.8===
L 04/20/2016 - 07:45:26: [rtd.smx] File test for rtd.phrases.txt: PASSED!
L 04/20/2016 - 07:45:26: [rtd.smx] File test for rtd_effects.cfg: PASSED!
L 04/20/2016 - 07:45:26: [rtd.smx] Loaded 35 effects: (19 good) (16 bad).
L 04/20/2016 - 07:45:26: [simple-chatprocessor.smx] [SCP] Recognized mod [Team Fortress 2].
L 04/20/2016 - 07:45:26: [simple-chatprocessor.smx] [SCP] Loading translation file [scp.tf.phrases].
L 04/20/2016 - 07:45:26: [rtd.smx] Added chat trigger: rollthedice
L 04/20/2016 - 07:45:26: [rtd.smx] Added chat trigger: roll
L 04/20/2016 - 07:45:26: [deathrun.smx] Current map is not a deathrun map. Disabling Deathrun Gamemode.
L 04/20/2016 - 07:45:26: [custom-chatcolors-menu.smx] Loaded 156 colors from configuration file addons/sourcemod/configs/custom-chatcolors-menu.cfg.
L 04/20/2016 - 07:45:26: [buildinghats.smx] [Building Hats] Executing configuration file addons/sourcemod/configs/buildinghats.cfg
L 04/20/2016 - 07:45:26: [custom-chatcolors-menu.smx] MySQL server configured. Variable saving enabled.
L 04/20/2016 - 07:47:35: [basecommands.smx] "*FHR* ÐJ DovaYT<2><[U:1:138265817]><>" changed cvar (cvar "joinsound_path") (value "stamm/vipsound.mp3")
L 04/20/2016 - 07:54:15: [basecommands.smx] "Console<0><Console><Console>" changed map to "vsh_snowycomplex_day"
L 04/20/2016 - 07:54:18: [SM] Changed map to "vsh_snowycomplex_day"
L 04/20/2016 - 07:54:19: -------- Mapchange to vsh_snowycomplex_day --------
L 04/20/2016 - 07:54:24: [deathrun.smx] Current map is not a deathrun map. Disabling Deathrun Gamemode.
L 04/20/2016 - 07:54:25: [custom-chatcolors-menu.smx] Loaded 156 colors from configuration file addons/sourcemod/configs/custom-chatcolors-menu.cfg.
L 04/20/2016 - 07:54:25: [buildinghats.smx] [Building Hats] Executing configuration file addons/sourcemod/configs/buildinghats.cfg
L 04/20/2016 - 07:55:05: [sounds.smx] "*FHR* ÐJ DovaYT<4><[U:1:138265817]><>" played sound on "*FHR* ÐJ DovaYT<4><[U:1:138265817]><>" (file "stamm/vipsound.mp3")
L 04/20/2016 - 07:55:13: [sounds.smx] "*FHR* ÐJ DovaYT<4><[U:1:138265817]><>" played sound on "*FHR* ÐJ DovaYT<4><[U:1:138265817]><>" (file "stamm/levelup.mp3")
L 04/20/2016 - 07:55:22: [sounds.smx] "*FHR* ÐJ DovaYT<4><[U:1:138265817]><>" played sound on "*FHR* ÐJ DovaYT<4><[U:1:138265817]><>" (file "stamm/levelup.mp3")
L 04/20/2016 - 07:56:43: [sounds.smx] "*FHR* ÐJ DovaYT<5><[U:1:138265817]><>" played sound on "*FHR* ÐJ DovaYT<5><[U:1:138265817]><>" (file "stamm/levelup.mp3")
L 04/20/2016 - 08:03:15: [sounds.smx] "*FHR* ÐJ DovaYT<6><[U:1:138265817]><>" played sound on "*FHR* ÐJ DovaYT<6><[U:1:138265817]><>" (file "stamm/levelup.mp3")
L 04/20/2016 - 08:04:13: [sounds.smx] "*FHR* ÐJ DovaYT<6><[U:1:138265817]><>" played sound on "*FHR* ÐJ DovaYT<6><[U:1:138265817]><>" (file "stamm/levelup.mp3")
L 04/20/2016 - 08:21:09: [sounds.smx] "*FHR* ÐJ DovaYT<7><[U:1:138265817]><>" played sound on "*FHR* ÐJ DovaYT<7><[U:1:138265817]><>" (file "stamm/levelup.mp3")
L 04/20/2016 - 08:21:51: [basecommands.smx] "*FHR* ÐJ DovaYT<7><[U:1:138265817]><>" console command (cmdline "sm plugins reload sm_defaulttextreplace")
L 04/20/2016 - 08:22:19: [sounds.smx] "*FHR* ÐJ DovaYT<8><[U:1:138265817]><>" played sound on "*FHR* ÐJ DovaYT<8><[U:1:138265817]><>" (file "stamm/levelup.mp3")
L 04/20/2016 - 08:32:49: [basecommands.smx] "*FHR* ÐJ DovaYT<10><[U:1:138265817]><>" console command (cmdline "tf_bot_add 1")
L 04/20/2016 - 08:38:31: [huntsman.smx] Failed to load: Failed to find Offset_HuntsmanPatch.
L 04/20/2016 - 08:38:31: [freak_fortress_2.smx] ===Freak Fortress 2 Initializing-v1.10.8===
L 04/20/2016 - 08:38:31: [rtd.smx] File test for rtd.phrases.txt: PASSED!
L 04/20/2016 - 08:38:31: [rtd.smx] File test for rtd_effects.cfg: PASSED!
L 04/20/2016 - 08:38:31: [rtd.smx] Loaded 35 effects: (19 good) (16 bad).
L 04/20/2016 - 08:38:31: [simple-chatprocessor.smx] [SCP] Recognized mod [Team Fortress 2].
L 04/20/2016 - 08:38:31: [simple-chatprocessor.smx] [SCP] Loading translation file [scp.tf.phrases].
L 04/20/2016 - 08:38:31: [rtd.smx] Added chat trigger: rollthedice
L 04/20/2016 - 08:38:31: [rtd.smx] Added chat trigger: roll
L 04/20/2016 - 08:38:31: [deathrun.smx] Current map is not a deathrun map. Disabling Deathrun Gamemode.
L 04/20/2016 - 08:38:31: [custom-chatcolors-menu.smx] Loaded 156 colors from configuration file addons/sourcemod/configs/custom-chatcolors-menu.cfg.
L 04/20/2016 - 08:38:32: [buildinghats.smx] [Building Hats] Executing configuration file addons/sourcemod/configs/buildinghats.cfg
L 04/20/2016 - 08:38:32: [custom-chatcolors-menu.smx] MySQL server configured. Variable saving enabled.
L 04/20/2016 - 08:40:42: [freak_fortress_2.smx] ===Freak Fortress 2 Initializing-v1.10.8===
L 04/20/2016 - 08:41:02: [basecommands.smx] "*FHR* ÐJ DovaYT<14><[U:1:138265817]><>" console command (cmdline "sm plugins unload_all")
L 04/20/2016 - 08:41:30: SourceMod log file session started (file "L20160420.log") (Version "1.7.3-dev+5275")
L 04/20/2016 - 08:41:30: -------- Mapchange to tf_tornadohighway_final2 --------
L 04/20/2016 - 08:41:30: [TF2ITEMS] "GiveNamedItem" offset = 479
L 04/20/2016 - 08:41:30: [GEOIP] GeoIP database info: GEO-106FREE 20151103 Build 1 Copyright (c) 2015 MaxMind Inc All Rights Reserved
L 04/20/2016 - 08:41:30: [freak_fortress_2.smx] ===Freak Fortress 2 Initializing-v1.10.8===
L 04/20/2016 - 08:41:30: [rtd.smx] File test for rtd.phrases.txt: PASSED!
L 04/20/2016 - 08:41:30: [rtd.smx] File test for rtd_effects.cfg: PASSED!
L 04/20/2016 - 08:41:30: [rtd.smx] Loaded 35 effects: (19 good) (16 bad).
L 04/20/2016 - 08:41:30: [simple-chatprocessor.smx] [SCP] Recognized mod [Team Fortress 2].
L 04/20/2016 - 08:41:30: [simple-chatprocessor.smx] [SCP] Loading translation file [scp.tf.phrases].
L 04/20/2016 - 08:41:36: [deathrun.smx] Current map is not a deathrun map. Disabling Deathrun Gamemode.
L 04/20/2016 - 08:41:36: [rtd.smx] Added chat trigger: rollthedice
L 04/20/2016 - 08:41:36: [rtd.smx] Added chat trigger: roll
L 04/20/2016 - 08:41:36: [custom-chatcolors-menu.smx] Loaded 156 colors from configuration file addons/sourcemod/configs/custom-chatcolors-menu.cfg.
L 04/20/2016 - 08:41:36: [buildinghats.smx] [Building Hats] Executing configuration file addons/sourcemod/configs/buildinghats.cfg
L 04/20/2016 - 08:41:36: [custom-chatcolors-menu.smx] MySQL server configured. Variable saving enabled.
L 04/20/2016 - 08:41:39: [basecommands.smx] "Console<0><Console><Console>" changed map to "vsh_snowycomplex_day"
L 04/20/2016 - 08:41:42: [SM] Changed map to "vsh_snowycomplex_day"
L 04/20/2016 - 08:41:43: -------- Mapchange to vsh_snowycomplex_day --------
L 04/20/2016 - 08:41:47: [huntsman.smx] Failed to load: Failed to find Offset_HuntsmanPatch.
L 04/20/2016 - 08:41:52: [deathrun.smx] Current map is not a deathrun map. Disabling Deathrun Gamemode.
L 04/20/2016 - 08:41:52: [custom-chatcolors-menu.smx] Loaded 156 colors from configuration file addons/sourcemod/configs/custom-chatcolors-menu.cfg.
L 04/20/2016 - 08:41:52: [buildinghats.smx] [Building Hats] Executing configuration file addons/sourcemod/configs/buildinghats.cfg
L 04/20/2016 - 08:43:33: [basecommands.smx] "*FHR* ÐJ DovaYT<2><[U:1:138265817]><>" console command (cmdline "sm plugins unload freak_fortress_2")
L 04/20/2016 - 08:43:42: [basecommands.smx] "*FHR* ÐJ DovaYT<2><[U:1:138265817]><>" console command (cmdline "sm plugins unload freak_fortress_2")
L 04/20/2016 - 08:43:42: [basecommands.smx] "*FHR* ÐJ DovaYT<2><[U:1:138265817]><>" console command (cmdline "sm plugins load freak fortress 2")
L 04/20/2016 - 08:43:51: [basecommands.smx] "*FHR* ÐJ DovaYT<2><[U:1:138265817]><>" console command (cmdline "sm plugins unload freak_fortress_2")
L 04/20/2016 - 08:43:51: [basecommands.smx] "*FHR* ÐJ DovaYT<2><[U:1:138265817]><>" console command (cmdline "sm plugins load freak_fortress_2")
L 04/20/2016 - 08:43:51: [freak_fortress_2.smx] ===Freak Fortress 2 Initializing-v1.10.8===
L 04/20/2016 - 08:45:03: [basecommands.smx] "*FHR* ÐJ DovaYT<2><[U:1:138265817]><>" console command (cmdline "sm plugins unload freak_fortress_2")
L 04/20/2016 - 08:45:03: [basecommands.smx] "*FHR* ÐJ DovaYT<2><[U:1:138265817]><>" console command (cmdline "sm plugins load freak_fortress_2")
L 04/20/2016 - 08:45:03: [freak_fortress_2.smx] ===Freak Fortress 2 Initializing-v1.10.8===
L 04/20/2016 - 08:45:25: [basecommands.smx] "*FHR* ÐJ DovaYT<2><[U:1:138265817]><>" console command (cmdline "sm plugins unload freak_fortress_2")
L 04/20/2016 - 08:45:25: [basecommands.smx] "*FHR* ÐJ DovaYT<2><[U:1:138265817]><>" console command (cmdline "sm plugins load freak_fortress_2")
L 04/20/2016 - 08:45:25: [freak_fortress_2.smx] ===Freak Fortress 2 Initializing-v1.10.8===
L 04/20/2016 - 08:45:57: [basecommands.smx] "*FHR* ÐJ DovaYT<2><[U:1:138265817]><>" console command (cmdline "sm plugins unload freak_fortress_2")
L 04/20/2016 - 08:45:57: [basecommands.smx] "*FHR* ÐJ DovaYT<2><[U:1:138265817]><>" console command (cmdline "sm plugins load freak_fortress_2")
L 04/20/2016 - 08:45:57: [freak_fortress_2.smx] ===Freak Fortress 2 Initializing-v1.10.8===
L 04/20/2016 - 08:49:55: [huntsman.smx] Failed to load: Failed to find Offset_HuntsmanPatch.
L 04/20/2016 - 08:49:55: [freak_fortress_2.smx] ===Freak Fortress 2 Initializing-v1.10.8===
L 04/20/2016 - 08:49:55: [rtd.smx] File test for rtd.phrases.txt: PASSED!
L 04/20/2016 - 08:49:55: [rtd.smx] File test for rtd_effects.cfg: PASSED!
L 04/20/2016 - 08:49:55: [rtd.smx] Loaded 35 effects: (19 good) (16 bad).
L 04/20/2016 - 08:49:55: [simple-chatprocessor.smx] [SCP] Recognized mod [Team Fortress 2].
L 04/20/2016 - 08:49:55: [simple-chatprocessor.smx] [SCP] Loading translation file [scp.tf.phrases].
L 04/20/2016 - 08:49:55: [ff2_boss_prefs.smx] Freak Fortress 2: Boss Preferences v1.03 Loading
L 04/20/2016 - 08:49:55: [rtd.smx] Added chat trigger: rollthedice
L 04/20/2016 - 08:49:55: [rtd.smx] Added chat trigger: roll
L 04/20/2016 - 08:49:55: [deathrun.smx] Current map is not a deathrun map. Disabling Deathrun Gamemode.
L 04/20/2016 - 08:49:55: [custom-chatcolors-menu.smx] Loaded 156 colors from configuration file addons/sourcemod/configs/custom-chatcolors-menu.cfg.
L 04/20/2016 - 08:49:55: [buildinghats.smx] [Building Hats] Executing configuration file addons/sourcemod/configs/buildinghats.cfg
L 04/20/2016 - 08:49:56: [custom-chatcolors-menu.smx] MySQL server configured. Variable saving enabled.
L 04/20/2016 - 08:50:24: [basecommands.smx] "*FHR* ÐJ DovaYT<2><[U:1:138265817]><>" console command (cmdline "tf_bot_add 1")
L 04/20/2016 - 08:54:56: [respawn.smx] "*FHR* ÐJ DovaYT<4><[U:1:138265817]><>" respawned "Black Mesa<5><BOT><>"
L 04/20/2016 - 08:56:13: [freak_fortress_2.smx] "*FHR* ÐJ DovaYT<4><[U:1:138265817]><>" added 15602 queue points to "*FHR* ÐJ DovaYT<4><[U:1:138265817]><>"
L 04/20/2016 - 08:58:58: [respawn.smx] "*FHR* ÐJ DovaYT<4><[U:1:138265817]><>" respawned "Black Mesa<5><BOT><>"
L 04/20/2016 - 09:03:50: [playercommands.smx] "*FHR* ÐJ DovaYT<4><[U:1:138265817]><>" slayed "Black Mesa<5><BOT><>"
L 04/20/2016 - 09:05:58: [respawn.smx] "*FHR* ÐJ DovaYT<4><[U:1:138265817]><>" respawned "Black Mesa<5><BOT><>"
L 04/20/2016 - 09:23:30: [respawn.smx] "*FHR* ÐJ DovaYT<4><[U:1:138265817]><>" respawned "Drunky ♥<7><[U:1:110867166]><>"
L 04/20/2016 - 09:23:33: [Godmode.smx] *FHR* ÐJ DovaYT<4><[U:1:138265817]><> enabled godmode on Drunky ♥<7><[U:1:110867166]><>
L 04/20/2016 - 09:24:08: [sounds.smx] "*FHR* ÐJ DovaYT<4><[U:1:138265817]><>" played sound on "*FHR* ÐJ DovaYT<4><[U:1:138265817]><>" (file "dovahyt/dontthinkso.mp3")
L 04/20/2016 - 09:24:08: [sounds.smx] "*FHR* ÐJ DovaYT<4><[U:1:138265817]><>" played sound on "Drunky ♥<7><[U:1:110867166]><>" (file "dovahyt/dontthinkso.mp3")
L 04/20/2016 - 09:30:36: [respawn.smx] "*FHR* ÐJ DovaYT<4><[U:1:138265817]><>" respawned "The Gamer<9><[U:1:162381944]><>"
L 04/20/2016 - 09:30:49: [Godmode.smx] *FHR* ÐJ DovaYT<4><[U:1:138265817]><> enabled godmode on *FHR* ÐJ DovaYT<4><[U:1:138265817]><>
L 04/20/2016 - 09:30:49: [Godmode.smx] *FHR* ÐJ DovaYT<4><[U:1:138265817]><> enabled godmode on Black Mesa<5><BOT><>
L 04/20/2016 - 09:30:49: [Godmode.smx] *FHR* ÐJ DovaYT<4><[U:1:138265817]><> enabled godmode on Drunky ♥<7><[U:1:110867166]><>
L 04/20/2016 - 09:30:49: [Godmode.smx] *FHR* ÐJ DovaYT<4><[U:1:138265817]><> enabled godmode on The Gamer<9><[U:1:162381944]><>
L 04/20/2016 - 09:31:56: [Godmode.smx] *FHR* ÐJ DovaYT<4><[U:1:138265817]><> disabled godmode on *FHR* ÐJ DovaYT<4><[U:1:138265817]><>
L 04/20/2016 - 09:31:56: [Godmode.smx] *FHR* ÐJ DovaYT<4><[U:1:138265817]><> disabled godmode on Black Mesa<5><BOT><>
L 04/20/2016 - 09:31:56: [Godmode.smx] *FHR* ÐJ DovaYT<4><[U:1:138265817]><> disabled godmode on Drunky ♥<7><[U:1:110867166]><>
L 04/20/2016 - 09:31:56: [Godmode.smx] *FHR* ÐJ DovaYT<4><[U:1:138265817]><> disabled godmode on The Gamer<9><[U:1:162381944]><>
L 04/20/2016 - 09:33:58: [basecommands.smx] "*FHR* ÐJ DovaYT<4><[U:1:138265817]><>" console command (cmdline "tf_bot_kick all")
L 04/20/2016 - 09:46:11: [sounds.smx] "*FHR* ÐJ DovaYT<4><[U:1:138265817]><>" played sound on "*FHR* ÐJ DovaYT<4><[U:1:138265817]><>" (file "dovahyt/dontthinkso.mp3")
L 04/20/2016 - 09:46:11: [sounds.smx] "*FHR* ÐJ DovaYT<4><[U:1:138265817]><>" played sound on "Drunky ♥<7><[U:1:110867166]><>" (file "dovahyt/dontthinkso.mp3")
L 04/20/2016 - 09:46:11: [sounds.smx] "*FHR* ÐJ DovaYT<4><[U:1:138265817]><>" played sound on "The Gamer<9><[U:1:162381944]><>" (file "dovahyt/dontthinkso.mp3")
L 04/20/2016 - 09:46:11: [sounds.smx] "*FHR* ÐJ DovaYT<4><[U:1:138265817]><>" played sound on "[GG]ツGolden_Devil T-Rex<11><[U:1:163825566]><>" (file "dovahyt/dontthinkso.mp3")
L 04/20/2016 - 09:46:11: [sounds.smx] "*FHR* ÐJ DovaYT<4><[U:1:138265817]><>" played sound on "Dean Winchester<15><[U:1:214873195]><>" (file "dovahyt/dontthinkso.mp3")
L 04/20/2016 - 09:46:21: [sounds.smx] "*FHR* ÐJ DovaYT<4><[U:1:138265817]><>" played sound on "*FHR* ÐJ DovaYT<4><[U:1:138265817]><>" (file "dovahyt/dontthinkso.mp3")
L 04/20/2016 - 09:46:21: [sounds.smx] "*FHR* ÐJ DovaYT<4><[U:1:138265817]><>" played sound on "Drunky ♥<7><[U:1:110867166]><>" (file "dovahyt/dontthinkso.mp3")
L 04/20/2016 - 09:46:21: [sounds.smx] "*FHR* ÐJ DovaYT<4><[U:1:138265817]><>" played sound on "The Gamer<9><[U:1:162381944]><>" (file "dovahyt/dontthinkso.mp3")
L 04/20/2016 - 09:46:21: [sounds.smx] "*FHR* ÐJ DovaYT<4><[U:1:138265817]><>" played sound on "[GG]ツGolden_Devil T-Rex<11><[U:1:163825566]><>" (file "dovahyt/dontthinkso.mp3")
L 04/20/2016 - 09:46:21: [sounds.smx] "*FHR* ÐJ DovaYT<4><[U:1:138265817]><>" played sound on "Dean Winchester<15><[U:1:214873195]><>" (file "dovahyt/dontthinkso.mp3")
L 04/20/2016 - 09:51:53: [selfnoclip.smx] Enabled noclip
L 04/20/2016 - 09:51:54: [selfnoclip.smx] Disabled noclip
L 04/20/2016 - 10:17:19: [respawn.smx] "*FHR* ÐJ DovaYT<4><[U:1:138265817]><>" respawned "Sybarian .love.<24><[U:1:200235758]><>"
L 04/20/2016 - 10:23:22: [freak_fortress_2.smx] "*FHR* ÐJ DovaYT<4><[U:1:138265817]><>" added 21626 queue points to "Sybarian .love.<24><[U:1:200235758]><>"
L 04/20/2016 - 10:23:39: [freak_fortress_2.smx] "*FHR* ÐJ DovaYT<4><[U:1:138265817]><>" added 200 queue points to "Sybarian .love.<24><[U:1:200235758]><>"
L 04/20/2016 - 10:31:25: [basevotes.smx] "*FHR* ÐJ DovaYT<4><[U:1:138265817]><>" initiated a generic vote.
L 04/20/2016 - 10:33:20: [basecommands.smx] "*FHR* ÐJ DovaYT<4><[U:1:138265817]><>" changed map to "koth_wubwubwub_remix_vip"
L 04/20/2016 - 10:33:23: [SM] Changed map to "koth_wubwubwub_remix_vip"
L 04/20/2016 - 10:33:32: -------- Mapchange to koth_wubwubwub_remix_vip --------
L 04/20/2016 - 10:33:37: [deathrun.smx] Current map is not a deathrun map. Disabling Deathrun Gamemode.
L 04/20/2016 - 10:33:37: [custom-chatcolors-menu.smx] Loaded 156 colors from configuration file addons/sourcemod/configs/custom-chatcolors-menu.cfg.
L 04/20/2016 - 10:33:37: [buildinghats.smx] [Building Hats] Executing configuration file addons/sourcemod/configs/buildinghats.cfg
L 04/20/2016 - 10:37:43: [basecommands.smx] "*FHR* ÐJ DovaYT<4><[U:1:138265817]><>" console command (cmdline "sm plugins unload freak_fortress_2")
L 04/20/2016 - 10:37:43: [basecommands.smx] "*FHR* ÐJ DovaYT<4><[U:1:138265817]><>" console command (cmdline "sm plugins load freak_fortress_2")
L 04/20/2016 - 10:37:43: [freak_fortress_2.smx] ===Freak Fortress 2 Initializing-v1.10.8===
L 04/20/2016 - 10:39:09: [basecommands.smx] "*FHR* ÐJ DovaYT<4><[U:1:138265817]><>" console command (cmdline "swBlockCap")
L 04/20/2016 - 10:39:57: [basecommands.smx] "*FHR* ÐJ DovaYT<4><[U:1:138265817]><>" console command (cmdline "sv_downloadurl")
L 04/20/2016 - 10:40:11: [basecommands.smx] "*FHR* ÐJ DovaYT<4><[U:1:138265817]><>" console command (cmdline "sm plugins unload freak_fortress_2")
L 04/20/2016 - 10:42:24: [basecommands.smx] "*FHR* ÐJ DovaYT<4><[U:1:138265817]><>" changed map to "koth_wubwubwub_remix_vip"
L 04/20/2016 - 10:42:27: [SM] Changed map to "koth_wubwubwub_remix_vip"
L 04/20/2016 - 10:42:28: -------- Mapchange to koth_wubwubwub_remix_vip --------
L 04/20/2016 - 10:42:29: [freak_fortress_2.smx] ===Freak Fortress 2 Initializing-v1.10.8===
L 04/20/2016 - 10:42:29: [ff2_boss_prefs.smx] Freak Fortress 2: Boss Preferences v1.03 Loading
L 04/20/2016 - 10:42:33: [deathrun.smx] Current map is not a deathrun map. Disabling Deathrun Gamemode.
L 04/20/2016 - 10:42:33: [custom-chatcolors-menu.smx] Loaded 156 colors from configuration file addons/sourcemod/configs/custom-chatcolors-menu.cfg.
L 04/20/2016 - 10:42:33: [buildinghats.smx] [Building Hats] Executing configuration file addons/sourcemod/configs/buildinghats.cfg
L 04/20/2016 - 10:46:49: [selfnoclip.smx] Enabled noclip
L 04/20/2016 - 10:46:50: [selfnoclip.smx] Disabled noclip
L 04/20/2016 - 10:47:13: [selfnoclip.smx] Enabled noclip
L 04/20/2016 - 10:47:33: [selfnoclip.smx] Disabled noclip
L 04/20/2016 - 10:47:36: [selfnoclip.smx] Enabled noclip
L 04/20/2016 - 10:47:38: [selfnoclip.smx] Disabled noclip
L 04/20/2016 - 10:47:41: [selfnoclip.smx] Enabled noclip
L 04/20/2016 - 10:47:44: [selfnoclip.smx] Disabled noclip
L 04/20/2016 - 10:49:45: [selfnoclip.smx] Enabled noclip
L 04/20/2016 - 10:49:47: [selfnoclip.smx] Disabled noclip
L 04/20/2016 - 10:55:23: [selfnoclip.smx] Enabled noclip
L 04/20/2016 - 10:55:24: [selfnoclip.smx] Disabled noclip
L 04/20/2016 - 10:55:24: [selfnoclip.smx] Enabled noclip
L 04/20/2016 - 10:55:29: [selfnoclip.smx] Disabled noclip
L 04/20/2016 - 10:55:34: [selfnoclip.smx] Enabled noclip
L 04/20/2016 - 10:55:38: [selfnoclip.smx] Disabled noclip
L 04/20/2016 - 10:59:27: [sounds.smx] "*FHR* ÐJ DovaYT<4><[U:1:138265817]><>" played sound on "*FHR* ÐJ DovaYT<4><[U:1:138265817]><>" (file "dovahyt/wot.mp3")
L 04/20/2016 - 10:59:27: [sounds.smx] "*FHR* ÐJ DovaYT<4><[U:1:138265817]><>" played sound on "Someone Smart<29><[U:1:249593440]><>" (file "dovahyt/wot.mp3")
L 04/20/2016 - 10:59:27: [sounds.smx] "*FHR* ÐJ DovaYT<4><[U:1:138265817]><>" played sound on "Drunky ♥<7><[U:1:110867166]><>" (file "dovahyt/wot.mp3")
L 04/20/2016 - 10:59:27: [sounds.smx] "*FHR* ÐJ DovaYT<4><[U:1:138265817]><>" played sound on "Sybarian .love.<24><[U:1:200235758]><>" (file "dovahyt/wot.mp3")
L 04/20/2016 - 11:10:24: [selfnoclip.smx] Enabled noclip
L 04/20/2016 - 11:10:34: [selfnoclip.smx] Disabled noclip
L 04/20/2016 - 11:11:04: [selfnoclip.smx] Enabled noclip
L 04/20/2016 - 11:11:04: [selfnoclip.smx] Disabled noclip
L 04/20/2016 - 11:11:07: [selfnoclip.smx] Enabled noclip
L 04/20/2016 - 11:11:09: [selfnoclip.smx] Disabled noclip
L 04/20/2016 - 11:11:09: [selfnoclip.smx] Enabled noclip
L 04/20/2016 - 11:11:10: [selfnoclip.smx] Disabled noclip
L 04/20/2016 - 11:11:13: [selfnoclip.smx] Enabled noclip
L 04/20/2016 - 11:11:14: [selfnoclip.smx] Disabled noclip
L 04/20/2016 - 11:11:16: [selfnoclip.smx] Enabled noclip
L 04/20/2016 - 11:11:17: [selfnoclip.smx] Disabled noclip
L 04/20/2016 - 11:22:56: [playercommands.smx] "*FHR* ÐJ DovaYT<4><[U:1:138265817]><>" slayed "Someone Smart<29><[U:1:249593440]><>"
L 04/20/2016 - 11:22:56: [playercommands.smx] "*FHR* ÐJ DovaYT<4><[U:1:138265817]><>" slayed "Drunky ♥<34><[U:1:110867166]><>"
L 04/20/2016 - 11:22:56: [playercommands.smx] "*FHR* ÐJ DovaYT<4><[U:1:138265817]><>" slayed "Sybarian .love.<31><[U:1:200235758]><>"
L 04/20/2016 - 11:24:14: [basecommands.smx] "*FHR* ÐJ DovaYT<4><[U:1:138265817]><>" console command (cmdline "kickid 31 Connection Lost")
L 04/20/2016 - 11:26:07: [selfnoclip.smx] Enabled noclip
L 04/20/2016 - 11:26:08: [selfnoclip.smx] Disabled noclip
L 04/20/2016 - 11:33:41: [selfnoclip.smx] Enabled noclip
L 04/20/2016 - 11:33:50: [selfnoclip.smx] Disabled noclip
