L 12/18/2015 - 23:20:36: SourceMod log file session started (file "L20151218.log") (Version "1.7.3-dev+5275")
L 12/18/2015 - 23:20:36: Log file closed.
L 12/18/2015 - 23:25:41: SourceMod log file session started (file "L20151218.log") (Version "1.7.3-dev+5275")
L 12/18/2015 - 23:25:41: -------- Mapchange to ctf_2fort --------
L 12/18/2015 - 23:25:41: [rtd.smx] File test for rtd.phrases.txt: PASSED!
L 12/18/2015 - 23:25:41: [rtd.smx] File test for rtd_effects.cfg: PASSED!
L 12/18/2015 - 23:25:41: [rtd.smx] Loaded 35 effects: (19 good) (16 bad).
L 12/18/2015 - 23:25:52: [basecommands.smx] "Console<0><Console><Console>" changed cvar (cvar "tf_birthday") (value "1")
L 12/18/2015 - 23:25:52: [UPDATER] Successfully updated gamedata file "sdkhooks.games/engine.ep2v.txt"
L 12/18/2015 - 23:25:52: [UPDATER] Successfully updated gamedata file "sdkhooks.games/game.nmrih.txt"
L 12/18/2015 - 23:25:52: [UPDATER] Successfully updated gamedata file "sm-tf2.games.txt"
L 12/18/2015 - 23:25:52: [UPDATER] Successfully updated gamedata file "sdktools.games/game.tf.txt"
L 12/18/2015 - 23:25:52: [UPDATER] Successfully updated gamedata file "sdktools.games/game.nmrih.txt"
L 12/18/2015 - 23:25:52: [UPDATER] SourceMod has been updated, please reload it or restart your server.
L 12/18/2015 - 23:25:52: [rtd.smx] Added chat trigger: rollthedice
L 12/18/2015 - 23:25:52: [rtd.smx] Added chat trigger: roll
L 12/18/2015 - 23:59:39: SourceMod log file session started (file "L20151218.log") (Version "1.7.3-dev+5275")
L 12/18/2015 - 23:59:39: -------- Mapchange to ctf_2fort --------
L 12/18/2015 - 23:59:39: [rtd.smx] File test for rtd.phrases.txt: PASSED!
L 12/18/2015 - 23:59:39: [rtd.smx] File test for rtd_effects.cfg: PASSED!
L 12/18/2015 - 23:59:39: [rtd.smx] Loaded 35 effects: (19 good) (16 bad).
L 12/18/2015 - 23:59:44: [basecommands.smx] "Console<0><Console><Console>" changed cvar (cvar "tf_birthday") (value "0")
L 12/18/2015 - 23:59:44: [rtd.smx] Added chat trigger: rollthedice
L 12/18/2015 - 23:59:44: [rtd.smx] Added chat trigger: roll
