L 12/10/2015 - 10:44:47: SourceMod log file session started (file "L20151210.log") (Version "1.7.3-dev+5275")
L 12/10/2015 - 10:44:47: [SM] Changed map to "ctf_2fort"
L 12/10/2015 - 10:44:48: -------- Mapchange to ctf_2fort --------
L 12/10/2015 - 10:44:53: [basecommands.smx] "Console<0><Console><Console>" changed cvar (cvar "tf_birthday") (value "1")
L 12/10/2015 - 19:36:43: [SM] Changed map to "ctf_2fort"
L 12/10/2015 - 19:36:44: -------- Mapchange to ctf_2fort --------
L 12/10/2015 - 19:36:48: [basecommands.smx] "Console<0><Console><Console>" changed cvar (cvar "tf_birthday") (value "1")
L 12/10/2015 - 20:08:09: [SM] Changed map to "ctf_2fort"
L 12/10/2015 - 20:08:10: -------- Mapchange to ctf_2fort --------
L 12/10/2015 - 20:08:14: [basecommands.smx] "Console<0><Console><Console>" changed cvar (cvar "tf_birthday") (value "1")
L 12/10/2015 - 23:48:52: Log file closed.
L 12/10/2015 - 23:49:02: SourceMod log file session started (file "L20151210.log") (Version "1.7.3-dev+5275")
L 12/10/2015 - 23:49:02: -------- Mapchange to ctf_2fort --------
L 12/10/2015 - 23:49:02: [rtd.smx] File test for rtd.phrases.txt: PASSED!
L 12/10/2015 - 23:49:02: [rtd.smx] File test for rtd_effects.cfg: PASSED!
L 12/10/2015 - 23:49:02: [rtd.smx] Loaded 35 effects: (19 good) (16 bad).
L 12/10/2015 - 23:49:07: [basecommands.smx] "Console<0><Console><Console>" changed cvar (cvar "tf_birthday") (value "1")
L 12/10/2015 - 23:49:07: [UPDATER] Successfully updated gamedata file "sdktools.games/engine.csgo.txt"
L 12/10/2015 - 23:49:07: [UPDATER] SourceMod has been updated, please reload it or restart your server.
L 12/10/2015 - 23:49:07: [rtd.smx] Added chat trigger: rollthedice
L 12/10/2015 - 23:49:07: [rtd.smx] Added chat trigger: roll
